#
# A fatal error has been detected by the Java Runtime Environment:
#
#  SIGSEGV (0xb) at pc=0x000000011044acc6, pid=46180, tid=18947
#
# JRE version: OpenJDK Runtime Environment Temurin-17.0.7+7 (17.0.7+7) (build 17.0.7+7)
# Java VM: OpenJDK 64-Bit Server VM Temurin-17.0.7+7 (17.0.7+7, mixed mode, tiered, compressed oops, compressed class ptrs, parallel gc, bsd-amd64)
# Problematic frame:
# V  [libjvm.dylib+0x30fcc6]  _ZN16CodeBlobIteratorI14CompiledMethod20CompiledMethodFilterE4nextEv+0x76
#
# No core dump will be written. Core dumps have been disabled. To enable core dumping, try "ulimit -c unlimited" before starting Java again
#
# If you would like to submit a bug report, please visit:
#   https://github.com/adoptium/adoptium-support/issues
#

---------------  S U M M A R Y ------------

Command Line: --add-modules=ALL-SYSTEM --add-opens=java.base/java.util=ALL-UNNAMED --add-opens=java.base/java.lang=ALL-UNNAMED --add-opens=java.base/sun.nio.fs=ALL-UNNAMED -Declipse.application=org.eclipse.jdt.ls.core.id1 -Dosgi.bundles.defaultStartLevel=4 -Declipse.product=org.eclipse.jdt.ls.core.product -Djava.import.generatesMetadataFilesAtProjectRoot=false -Dfile.encoding=utf8 -XX:+UseParallelGC -XX:GCTimeRatio=4 -XX:AdaptiveSizePolicyWeight=90 -Dsun.zip.disableMemoryMapping=true -Xmx1G -Xms100m -Xlog:disable -javaagent:/Users/ibrahimaniang/.vscode/extensions/redhat.java-1.21.0-darwin-x64/lombok/lombok-1.18.28.jar -XX:+HeapDumpOnOutOfMemoryError -XX:HeapDumpPath=/Users/ibrahimaniang/Library/Application Support/Code/User/workspaceStorage/4e1a697516252b539879ce5d9948fa73/redhat.java -Daether.dependencyCollector.impl=bf /Users/ibrahimaniang/.vscode/extensions/redhat.java-1.21.0-darwin-x64/server/plugins/org.eclipse.equinox.launcher_1.6.500.v20230717-2134.jar -configuration /Users/ibrahimaniang/Library/Application Support/Code/User/globalStorage/redhat.java/1.21.0/config_mac -data /Users/ibrahimaniang/Library/Application Support/Code/User/workspaceStorage/4e1a697516252b539879ce5d9948fa73/redhat.java/jdt_ws

Host: "MacBookPro12,1" x86_64 2700 MHz, 4 cores, 8G, Darwin 21.6.0, macOS 10.16 (21G320)
Time: Sat Aug 26 22:58:03 2023 GMT elapsed time: 2402.117248 seconds (0d 0h 40m 2s)

---------------  T H R E A D  ---------------

Current thread (0x00007fc4bd7248c0):  VMThread "VM Thread" [stack: 0x000070000c275000,0x000070000c375000] [id=18947]

Stack: [0x000070000c275000,0x000070000c375000],  sp=0x000070000c3741d0,  free space=1020k
Native frames: (J=compiled Java code, j=interpreted, Vv=VM code, C=native code)
V  [libjvm.dylib+0x30fcc6]  _ZN16CodeBlobIteratorI14CompiledMethod20CompiledMethodFilterE4nextEv+0x76
V  [libjvm.dylib+0x30fbd7]  _ZN9CodeCache12do_unloadingEP17BoolObjectClosureb+0xd7
V  [libjvm.dylib+0x90dab5]  _ZN17PSParallelCompact13marking_phaseEP20ParCompactionManagerbP17ParallelOldTracer+0xa05
V  [libjvm.dylib+0x90cac3]  _ZN17PSParallelCompact16invoke_no_policyEb+0x383
V  [libjvm.dylib+0x916cb8]  _ZN10PSScavenge6invokeEv+0xb8
V  [libjvm.dylib+0x8cabb7]  _ZN20ParallelScavengeHeap19failed_mem_allocateEm+0x27
V  [libjvm.dylib+0x91a77b]  _ZN29VM_ParallelGCFailedAllocation4doitEv+0x4b
V  [libjvm.dylib+0xb285a6]  _ZN12VM_Operation8evaluateEv+0xd6
V  [libjvm.dylib+0xb39ed7]  _ZN8VMThread18evaluate_operationEP12VM_Operation+0x157
V  [libjvm.dylib+0xb3a7f2]  _ZN8VMThread13inner_executeEP12VM_Operation+0x1f2
V  [libjvm.dylib+0xb39b1c]  _ZN8VMThread3runEv+0xbc
V  [libjvm.dylib+0xaa965f]  _ZN6Thread8call_runEv+0xcf
V  [libjvm.dylib+0x8b23cb]  _ZL19thread_native_entryP6Thread+0x14b
C  [libsystem_pthread.dylib+0x64e1]  _pthread_start+0x7d
C  [libsystem_pthread.dylib+0x1f6b]  thread_start+0xf


siginfo: si_signo: 11 (SIGSEGV), si_code: 1 (SEGV_MAPERR), si_addr: 0x0000000310e5b9e8

Register to memory mapping:

RAX=
[error occurred during error reporting (printing register info), id 0xb, SIGSEGV (0xb) at pc=0x0000000110444ccf]

Registers:
RAX=0x000000011dbcbb90, RBX=0x00007fc4bd719300, RCX=0x0000000310e5b990, RDX=0x0000000000010e3b
RSP=0x000070000c3741d0, RBP=0x000070000c3741f0, RSI=0x000000000015ab80, RDI=0x000000011dbcbb90
R8 =0x000000011dbcb880, R9 =0x000000011dbcba08, R10=0x000000011dbcba34, R11=0x000000011dbcb9f0
R12=0x0000000000000000, R13=0x000070000c3744b0, R14=0x000070000c374218, R15=0x0000000110eaab80
RIP=0x000000011044acc6, EFLAGS=0x0000000000010206, ERR=0x0000000000000004
  TRAPNO=0x000000000000000e

Top of Stack: (sp=0x000070000c3741d0)
0x000070000c3741d0:   000000001dbcb801 0000000000000001
0x000070000c3741e0:   000070000c374218 0000000110eaab80
0x000070000c3741f0:   000070000c374260 000000011044abd7
0x000070000c374200:   0000000110e4be68 0000000110e896a8
0x000070000c374210:   0000000000000000 000000011dbcbb90
0x000070000c374220:   00007fc4bd710460 0000700000000000
0x000070000c374230:   00007fc4bd710460 142d459900000002
0x000070000c374240:   0000022f47760001 0000000000000001
0x000070000c374250:   000007a544a2c3fc 0000000110ebe550
0x000070000c374260:   000070000c374790 0000000110a48ab5
0x000070000c374270:   0000000000000891 0000000000000ae7
0x000070000c374280:   0000000000000000 000000000000022d
0x000070000c374290:   0000000000000891 0000000000000ae7
0x000070000c3742a0:   0000000000000000 000000000000022d
0x000070000c3742b0:   0000000110ebe5c0 0000000410a5344d
0x000070000c3742c0:   0000000400000004 3f542ed76a1ae215
0x000070000c3742d0:   00007fc4c2cb2f80 00007fc4c2cb30a0
0x000070000c3742e0:   00007fc4c2cb3220 00007fc4c2cb33a0
0x000070000c3742f0:   00007fc4c2cb3520 00007fc4c2cb36a0
0x000070000c374300:   00007fc4c2cb3820 00007fc4c2cb39a0
0x000070000c374310:   00007fc4c2cb3b20 00007fc4c2cb3ca0
0x000070000c374320:   3fcf4cec41dd1a22 402ee6ae5bc87db2
0x000070000c374330:   3f4554fbdad7518b 3fba5a9a8049667b
0x000070000c374340:   3fbdbc23315d701d 3fbe79bbadc0980b
0x000070000c374350:   bff0000000000000 bff0000000000000
0x000070000c374360:   00007fc4c2052fb0 402f9b5bb386a000
0x000070000c374370:   000000000000087d 0000000000000a80
0x000070000c374380:   0000000000000000 000000000000022b
0x000070000c374390:   0000000000000891 0000000000000ae7
0x000070000c3743a0:   0000000000000000 000000000000022d
0x000070000c3743b0:   000070000c374301 0000000110ebe550
0x000070000c3743c0:   000000000aebb8c8 0000000110e454e0 

Instructions: (pc=0x000000011044acc6)
0x000000011044abc6:   07 89 de ff 90 28 02 00 00 4c 89 f7 e8 79 00 00
0x000000011044abd6:   00 84 c0 75 e5 48 8b 45 b0 49 89 07 e8 09 6c 07
0x000000011044abe6:   00 48 83 c4 48 5b 41 5e 41 5f 5d c3 66 2e 0f 1f
0x000000011044abf6:   84 00 00 00 00 00 0f 1f 40 00 55 48 89 e5 48 8d
0x000000011044ac06:   05 4d 12 a0 00 48 83 c0 10 48 89 07 48 89 77 08
0x000000011044ac16:   48 8d 05 63 ff a5 00 48 8b 08 48 89 4f 10 48 89
0x000000011044ac26:   38 8a 05 93 5f a2 00 fe c0 b1 01 24 03 74 02 89
0x000000011044ac36:   c1 88 0d 83 5f a2 00 5d e9 8d 6b 07 00 66 2e 0f
0x000000011044ac46:   1f 84 00 00 00 00 00 0f 1f 00 55 48 89 e5 41 57
0x000000011044ac56:   41 56 53 50 49 89 fe 49 63 46 10 41 3b 46 20 74
0x000000011044ac66:   19 eb 27 0f 1f 80 00 00 00 00 ff c0 41 89 46 10
0x000000011044ac76:   49 63 46 10 41 3b 46 20 75 10 41 8b 46 10 41 3b
0x000000011044ac86:   46 20 75 e6 e9 d3 00 00 00 90 49 8b 36 49 8b 4e
0x000000011044ac96:   08 48 8b 49 08 48 8b 1c c1 48 85 f6 74 3f 48 8b
0x000000011044aca6:   03 48 89 df ff 50 18 49 89 06 48 85 c0 74 54 66
0x000000011044acb6:   2e 0f 1f 84 00 00 00 00 00 90 48 8b 08 48 89 c7
0x000000011044acc6:   ff 51 58 84 c0 75 39 49 8b 36 48 8b 03 48 89 df
0x000000011044acd6:   ff 50 18 49 89 06 48 85 c0 75 df eb 9d 48 8b 03
0x000000011044ace6:   48 89 df ff 50 10 49 89 06 48 85 c0 74 8c 48 8b
0x000000011044acf6:   08 48 89 c7 ff 51 58 84 c0 75 11 49 8b 36 eb 9e
0x000000011044ad06:   49 8b 06 48 85 c0 0f 84 6e ff ff ff 41 80 7e 28
0x000000011044ad16:   00 74 14 49 8b 3e 48 8b 07 ff 90 88 00 00 00 84
0x000000011044ad26:   c0 0f 84 49 ff ff ff 41 b7 01 41 80 7e 29 00 74
0x000000011044ad36:   2e 49 8b 1e 48 8b 03 48 89 df ff 50 58 48 85 db
0x000000011044ad46:   74 1d 84 c0 74 19 48 8b 03 48 89 df ff 90 20 02
0x000000011044ad56:   00 00 84 c0 0f 85 16 ff ff ff eb 03 45 31 ff 44
0x000000011044ad66:   89 f8 48 83 c4 08 5b 41 5e 41 5f 5d c3 66 2e 0f
0x000000011044ad76:   1f 84 00 00 00 00 00 0f 1f 00 55 48 89 e5 48 8b
0x000000011044ad86:   47 10 48 8d 0d f1 fd a5 00 48 89 01 5d e9 58 6a
0x000000011044ad96:   07 00 0f 1f 84 00 00 00 00 00 55 48 89 e5 41 57
0x000000011044ada6:   41 56 41 54 53 4c 8b 3d 4e 78 a5 00 41 83 3f 00
0x000000011044adb6:   74 6d 49 89 fe 45 31 e4 66 90 49 8b 47 08 4a 8b 


Stack slot to memory mapping:
stack at sp + 0 slots: 0x000000001dbcb801 is an unknown value
stack at sp + 1 slots: 0x0000000000000001 is an unknown value
stack at sp + 2 slots: 0x000070000c374218 points into unknown readable memory: 0x000000011dbcbb90 | 90 bb bc 1d 01 00 00 00
stack at sp + 3 slots: 0x0000000110eaab80: _ZN20IsUnloadingBehaviour8_currentE+0 in /Users/ibrahimaniang/.vscode/extensions/redhat.java-1.21.0-darwin-x64/jre/17.0.7-macosx-x86_64/lib/server/libjvm.dylib at 0x000000011013b000
stack at sp + 4 slots: 0x000070000c374260 points into unknown readable memory: 0x000070000c374790 | 90 47 37 0c 00 70 00 00
stack at sp + 5 slots: 0x000000011044abd7: _ZN9CodeCache12do_unloadingEP17BoolObjectClosureb+0xd7 in /Users/ibrahimaniang/.vscode/extensions/redhat.java-1.21.0-darwin-x64/jre/17.0.7-macosx-x86_64/lib/server/libjvm.dylib at 0x000000011013b000
stack at sp + 6 slots: 0x0000000110e4be68: _ZTV27ClosureIsUnloadingBehaviour+0x10 in /Users/ibrahimaniang/.vscode/extensions/redhat.java-1.21.0-darwin-x64/jre/17.0.7-macosx-x86_64/lib/server/libjvm.dylib at 0x000000011013b000
stack at sp + 7 slots: 0x0000000110e896a8: _ZN17PSParallelCompact17_is_alive_closureE+0 in /Users/ibrahimaniang/.vscode/extensions/redhat.java-1.21.0-darwin-x64/jre/17.0.7-macosx-x86_64/lib/server/libjvm.dylib at 0x000000011013b000

VM_Operation (0x000070000dd6af70): ParallelGCFailedAllocation, mode: safepoint, requested by thread 0x00007fc4bfa22c00


---------------  P R O C E S S  ---------------

Threads class SMR info:
_java_thread_list=0x00007fc4c2051920, length=29, elements={
0x00007fc4be809200, 0x00007fc4bd80da00, 0x00007fc4be80ec00, 0x00007fc4bd80fa00,
0x00007fc4bd82fe00, 0x00007fc4be80f800, 0x00007fc4bd830400, 0x00007fc4bf80a800,
0x00007fc4bf808a00, 0x00007fc4bd83b600, 0x00007fc4bf850a00, 0x00007fc4bd93fc00,
0x00007fc4bf05aa00, 0x00007fc4bd842e00, 0x00007fc4bf05b000, 0x00007fc4bda74e00,
0x00007fc4bfa22c00, 0x00007fc4bef26c00, 0x00007fc4bee2ee00, 0x00007fc4bf200200,
0x00007fc4c400c400, 0x00007fc4c5234600, 0x00007fc4bdad0200, 0x00007fc4c47fb000,
0x00007fc4bdaca800, 0x00007fc4c41cc200, 0x00007fc4c523a000, 0x00007fc4bea4ea00,
0x00007fc4c45f3400
}

Java Threads: ( => current thread )
  0x00007fc4be809200 JavaThread "main" [_thread_blocked, id=9987, stack(0x000070000c06f000,0x000070000c16f000)]
  0x00007fc4bd80da00 JavaThread "Reference Handler" daemon [_thread_blocked, id=18435, stack(0x000070000c378000,0x000070000c478000)]
  0x00007fc4be80ec00 JavaThread "Finalizer" daemon [_thread_blocked, id=14339, stack(0x000070000c47b000,0x000070000c57b000)]
  0x00007fc4bd80fa00 JavaThread "Signal Dispatcher" daemon [_thread_blocked, id=15619, stack(0x000070000c684000,0x000070000c784000)]
  0x00007fc4bd82fe00 JavaThread "Service Thread" daemon [_thread_blocked, id=16131, stack(0x000070000c787000,0x000070000c887000)]
  0x00007fc4be80f800 JavaThread "Monitor Deflation Thread" daemon [_thread_blocked, id=43267, stack(0x000070000c88a000,0x000070000c98a000)]
  0x00007fc4bd830400 JavaThread "C2 CompilerThread0" daemon [_thread_blocked, id=42755, stack(0x000070000c98d000,0x000070000ca8d000)]
  0x00007fc4bf80a800 JavaThread "C1 CompilerThread0" daemon [_thread_blocked, id=42243, stack(0x000070000ca90000,0x000070000cb90000)]
  0x00007fc4bf808a00 JavaThread "Sweeper thread" daemon [_thread_blocked, id=41731, stack(0x000070000cb93000,0x000070000cc93000)]
  0x00007fc4bd83b600 JavaThread "Common-Cleaner" daemon [_thread_blocked, id=22275, stack(0x000070000cc96000,0x000070000cd96000)]
  0x00007fc4bf850a00 JavaThread "Notification Thread" daemon [_thread_blocked, id=41475, stack(0x000070000cd99000,0x000070000ce99000)]
  0x00007fc4bd93fc00 JavaThread "Active Thread: Equinox Container: b87f17ee-a772-4660-b037-a8aeeb5233b0" [_thread_blocked, id=40451, stack(0x000070000d2cf000,0x000070000d3cf000)]
  0x00007fc4bf05aa00 JavaThread "Framework Event Dispatcher: Equinox Container: b87f17ee-a772-4660-b037-a8aeeb5233b0" daemon [_thread_blocked, id=39939, stack(0x000070000d3d2000,0x000070000d4d2000)]
  0x00007fc4bd842e00 JavaThread "Start Level: Equinox Container: b87f17ee-a772-4660-b037-a8aeeb5233b0" daemon [_thread_blocked, id=39427, stack(0x000070000d4d5000,0x000070000d5d5000)]
  0x00007fc4bf05b000 JavaThread "SCR Component Actor" daemon [_thread_blocked, id=27651, stack(0x000070000d5d8000,0x000070000d6d8000)]
  0x00007fc4bda74e00 JavaThread "Worker-JM" [_thread_blocked, id=45067, stack(0x000070000d861000,0x000070000d961000)]
  0x00007fc4bfa22c00 JavaThread "Java indexing" daemon [_thread_blocked, id=84483, stack(0x000070000dc6d000,0x000070000dd6d000)]
  0x00007fc4bef26c00 JavaThread "pool-2-thread-1" [_thread_blocked, id=34311, stack(0x000070000dd70000,0x000070000de70000)]
  0x00007fc4bee2ee00 JavaThread "WorkspaceEventsHandler" [_thread_blocked, id=47623, stack(0x000070000e079000,0x000070000e179000)]
  0x00007fc4bf200200 JavaThread "pool-1-thread-1" [_thread_in_native, id=46599, stack(0x000070000e17c000,0x000070000e27c000)]
  0x00007fc4c400c400 JavaThread "Bundle File Closer" daemon [_thread_blocked, id=48131, stack(0x000070000e588000,0x000070000e688000)]
  0x00007fc4c5234600 JavaThread "Attach Listener" daemon [_thread_blocked, id=49423, stack(0x000070000df76000,0x000070000e076000)]
  0x00007fc4bdad0200 JavaThread "Java Debug Server" daemon [_thread_in_native, id=40967, stack(0x000070000e891000,0x000070000e991000)]
  0x00007fc4c47fb000 JavaThread "RxSchedulerPurge-1" daemon [_thread_blocked, id=81931, stack(0x000070000ea97000,0x000070000eb97000)]
  0x00007fc4bdaca800 JavaThread "RxCachedWorkerPoolEvictor-1" daemon [_thread_blocked, id=47379, stack(0x000070000eb9a000,0x000070000ec9a000)]
  0x00007fc4c41cc200 JavaThread "Worker-38: Processing JDT Change Events" [_thread_blocked, id=45859, stack(0x000070000d964000,0x000070000da64000)]
  0x00007fc4c523a000 JavaThread "Worker-41: Building" [_thread_blocked, id=83483, stack(0x000070000de73000,0x000070000df73000)]
  0x00007fc4bea4ea00 JavaThread "Worker-42" [_thread_blocked, id=15167, stack(0x000070000d6db000,0x000070000d7db000)]
  0x00007fc4c45f3400 JavaThread "Worker-43" [_thread_blocked, id=45615, stack(0x000070000da67000,0x000070000db67000)]

Other Threads:
=>0x00007fc4bd7248c0 VMThread "VM Thread" [stack: 0x000070000c275000,0x000070000c375000] [id=18947]
  0x00007fc4be224810 WatcherThread [stack: 0x000070000ce9c000,0x000070000cf9c000] [id=22787]
  0x00007fc4bd71a880 GCTaskThread "GC Thread#0" [stack: 0x000070000c172000,0x000070000c272000] [id=12291]
  0x00007fc4be196290 GCTaskThread "GC Thread#1" [stack: 0x000070000cfc6000,0x000070000d0c6000] [id=23555]
  0x00007fc4be19ab50 GCTaskThread "GC Thread#2" [stack: 0x000070000d0c9000,0x000070000d1c9000] [id=40707]
  0x00007fc4be19b740 GCTaskThread "GC Thread#3" [stack: 0x000070000d1cc000,0x000070000d2cc000] [id=24323]

Threads with active compile tasks:
C2 CompilerThread0  2402165 16001   !   4       org.eclipse.jdt.internal.compiler.lookup.BinaryTypeBinding::superclass (207 bytes)

VM state: at safepoint (normal execution)

VM Mutex/Monitor currently owned by a thread:  ([mutex/lock_event])
[0x00007fc4bd7140f0] Threads_lock - owner thread: 0x00007fc4bd7248c0
[0x00007fc4bd714dc0] Heap_lock - owner thread: 0x00007fc4bfa22c00

Heap address: 0x00000007c0000000, size: 1024 MB, Compressed Oops mode: Zero based, Oop shift amount: 3

CDS archive(s) not mapped
Compressed class space mapped at: 0x0000000800000000-0x0000000840000000, reserved size: 1073741824
Narrow klass base: 0x0000000800000000, Narrow klass shift: 0, Narrow klass range: 0x40000000

GC Precious Log:
 CPUs: 4 total, 4 available
 Memory: 8192M
 Large Page Support: Disabled
 NUMA Support: Disabled
 Compressed Oops: Enabled (Zero based)
 Alignments: Space 512K, Generation 512K, Heap 2M
 Heap Min Capacity: 100M
 Heap Initial Capacity: 100M
 Heap Max Capacity: 1G
 Pre-touch: Disabled
 Parallel Workers: 4

Heap:
 PSYoungGen      total 5632K, used 5299K [0x00000007eab00000, 0x00000007eb600000, 0x0000000800000000)
  eden space 4096K, 96% used [0x00000007eab00000,0x00000007eaee0640,0x00000007eaf00000)
  from space 1536K, 86% used [0x00000007eb480000,0x00000007eb5cc6d8,0x00000007eb600000)
  to   space 2048K, 0% used [0x00000007eb200000,0x00000007eb200000,0x00000007eb400000)
 ParOldGen       total 182272K, used 178926K [0x00000007c0000000, 0x00000007cb200000, 0x00000007eab00000)
  object space 182272K, 98% used [0x00000007c0000000,0x00000007caebb8c8,0x00000007cb200000)
 Metaspace       used 80340K, committed 81728K, reserved 1179648K
  class space    used 8550K, committed 9216K, reserved 1048576K

Card table byte_map: [0x000000010caaa000,0x000000010ccab000] _byte_map_base: 0x0000000108caa000

Marking Bits: (ParMarkBitMap*) 0x0000000110ebe510
 Begin Bits: [0x0000000113e9f000, 0x0000000114e9f000)
 End Bits:   [0x0000000114e9f000, 0x0000000115e9f000)

Polling page: 0x000000010c806000

Metaspace:

Usage:
  Non-class:     70.11 MB used.
      Class:      8.35 MB used.
       Both:     78.46 MB used.

Virtual space:
  Non-class space:      128.00 MB reserved,      70.81 MB ( 55%) committed,  2 nodes.
      Class space:        1.00 GB reserved,       9.00 MB ( <1%) committed,  1 nodes.
             Both:        1.12 GB reserved,      79.81 MB (  7%) committed. 

Chunk freelists:
   Non-Class:  9.11 MB
       Class:  6.96 MB
        Both:  16.07 MB

MaxMetaspaceSize: unlimited
CompressedClassSpaceSize: 1.00 GB
Initial GC threshold: 21.00 MB
Current GC threshold: 132.50 MB
CDS: off
MetaspaceReclaimPolicy: balanced
 - commit_granule_bytes: 65536.
 - commit_granule_words: 8192.
 - virtual_space_node_default_size: 8388608.
 - enlarge_chunks_in_place: 1.
 - new_chunks_are_fully_committed: 0.
 - uncommit_free_chunks: 1.
 - use_allocation_guard: 0.
 - handle_deallocations: 1.


Internal statistics:

num_allocs_failed_limit: 11.
num_arena_births: 1036.
num_arena_deaths: 248.
num_vsnodes_births: 3.
num_vsnodes_deaths: 0.
num_space_committed: 1277.
num_space_uncommitted: 0.
num_chunks_returned_to_freelist: 292.
num_chunks_taken_from_freelist: 4537.
num_chunk_merges: 97.
num_chunk_splits: 2757.
num_chunks_enlarged: 1538.
num_inconsistent_stats: 0.

CodeHeap 'non-profiled nmethods': size=120032Kb used=8647Kb max_used=8647Kb free=111384Kb
 bounds [0x000000011da71000, 0x000000011e2f1000, 0x0000000124fa9000]
CodeHeap 'profiled nmethods': size=120028Kb used=26009Kb max_used=26009Kb free=94018Kb
 bounds [0x0000000115fa9000, 0x0000000117919000, 0x000000011d4e0000]
CodeHeap 'non-nmethods': size=5700Kb used=1389Kb max_used=1454Kb free=4310Kb
 bounds [0x000000011d4e0000, 0x000000011d750000, 0x000000011da71000]
 total_blobs=13061 nmethods=12316 adapters=656
 compilation: enabled
              stopped_count=0, restarted_count=0
 full_count=0

Compilation events (20 events):
Event: 2401.545 Thread 0x00007fc4bf80a800 16039       3       org.codehaus.plexus.util.introspection.ReflectionValueExtractor$Tokenizer::nextPropertyName (86 bytes)
Event: 2401.546 Thread 0x00007fc4bf80a800 nmethod 16039 0x0000000117909990 code [0x0000000117909c20, 0x000000011790a7a0]
Event: 2401.546 Thread 0x00007fc4bf80a800 16040       3       org.apache.maven.plugin.internal.ValidatingConfigurationListener::notifyFieldChangeUsingReflection (27 bytes)
Event: 2401.547 Thread 0x00007fc4bf80a800 nmethod 16040 0x000000011790ac10 code [0x000000011790ade0, 0x000000011790b190]
Event: 2401.547 Thread 0x00007fc4bf80a800 16041       3       org.apache.maven.plugin.DebugConfigurationListener::notifyFieldChangeUsingReflection (54 bytes)
Event: 2401.548 Thread 0x00007fc4bf80a800 nmethod 16041 0x000000011790b310 code [0x000000011790b580, 0x000000011790be30]
Event: 2401.682 Thread 0x00007fc4bf80a800 16043       3       java.util.ArrayList::listIterator (15 bytes)
Event: 2401.683 Thread 0x00007fc4bf80a800 nmethod 16043 0x000000011790c190 code [0x000000011790c380, 0x000000011790c850]
Event: 2401.683 Thread 0x00007fc4bf80a800 16044       3       com.google.inject.internal.SingleParameterInjector::getAll (45 bytes)
Event: 2401.684 Thread 0x00007fc4bf80a800 nmethod 16044 0x000000011790ca90 code [0x000000011790cc60, 0x000000011790d0e0]
Event: 2401.685 Thread 0x00007fc4bf80a800 16045       3       java.util.GregorianCalendar::computeFields (85 bytes)
Event: 2401.686 Thread 0x00007fc4bf80a800 nmethod 16045 0x000000011790d290 code [0x000000011790d480, 0x000000011790d850]
Event: 2401.689 Thread 0x00007fc4bf80a800 16046       3       java.util.Calendar::getBaseStyle (6 bytes)
Event: 2401.689 Thread 0x00007fc4bf80a800 nmethod 16046 0x0000000116d84010 code [0x0000000116d841a0, 0x0000000116d842b0]
Event: 2401.698 Thread 0x00007fc4bf80a800 16048   !   3       org.eclipse.core.internal.resources.WorkspaceRoot::getProjects (85 bytes)
Event: 2401.699 Thread 0x00007fc4bf80a800 nmethod 16048 0x000000011790d990 code [0x000000011790dbc0, 0x000000011790e430]
Event: 2401.718 Thread 0x00007fc4bf80a800 16049       3       org.eclipse.core.internal.jobs.ThreadJob::pop (53 bytes)
Event: 2401.724 Thread 0x00007fc4bf80a800 nmethod 16049 0x000000011790e710 code [0x000000011790e8e0, 0x000000011790ecc0]
Event: 2401.725 Thread 0x00007fc4bf80a800 16050       3       org.eclipse.jdt.internal.core.JavaElementDelta::getChildIndex (131 bytes)
Event: 2401.726 Thread 0x00007fc4bf80a800 nmethod 16050 0x000000011790ee10 code [0x000000011790f0c0, 0x0000000117910160]

GC Heap History (20 events):
Event: 1870.807 GC heap after
{Heap after GC invocations=482 (full 25):
 PSYoungGen      total 5120K, used 2018K [0x00000007eab00000, 0x00000007eb600000, 0x0000000800000000)
  eden space 3072K, 0% used [0x00000007eab00000,0x00000007eab00000,0x00000007eae00000)
  from space 2048K, 98% used [0x00000007eb000000,0x00000007eb1f8bc0,0x00000007eb200000)
  to   space 4096K, 0% used [0x00000007eb200000,0x00000007eb200000,0x00000007eb600000)
 ParOldGen       total 158720K, used 126973K [0x00000007c0000000, 0x00000007c9b00000, 0x00000007eab00000)
  object space 158720K, 79% used [0x00000007c0000000,0x00000007c7bff6a8,0x00000007c9b00000)
 Metaspace       used 80212K, committed 81600K, reserved 1179648K
  class space    used 8533K, committed 9216K, reserved 1048576K
}
Event: 1870.833 GC heap before
{Heap before GC invocations=483 (full 25):
 PSYoungGen      total 5120K, used 5090K [0x00000007eab00000, 0x00000007eb600000, 0x0000000800000000)
  eden space 3072K, 100% used [0x00000007eab00000,0x00000007eae00000,0x00000007eae00000)
  from space 2048K, 98% used [0x00000007eb000000,0x00000007eb1f8bc0,0x00000007eb200000)
  to   space 4096K, 0% used [0x00000007eb200000,0x00000007eb200000,0x00000007eb600000)
 ParOldGen       total 158720K, used 126973K [0x00000007c0000000, 0x00000007c9b00000, 0x00000007eab00000)
  object space 158720K, 79% used [0x00000007c0000000,0x00000007c7bff6a8,0x00000007c9b00000)
 Metaspace       used 80212K, committed 81600K, reserved 1179648K
  class space    used 8533K, committed 9216K, reserved 1048576K
}
Event: 1870.848 GC heap after
{Heap after GC invocations=483 (full 25):
 PSYoungGen      total 7168K, used 1978K [0x00000007eab00000, 0x00000007eb500000, 0x0000000800000000)
  eden space 4096K, 0% used [0x00000007eab00000,0x00000007eab00000,0x00000007eaf00000)
  from space 3072K, 64% used [0x00000007eb200000,0x00000007eb3eeb80,0x00000007eb500000)
  to   space 3072K, 0% used [0x00000007eaf00000,0x00000007eaf00000,0x00000007eb200000)
 ParOldGen       total 158720K, used 128973K [0x00000007c0000000, 0x00000007c9b00000, 0x00000007eab00000)
  object space 158720K, 81% used [0x00000007c0000000,0x00000007c7df3580,0x00000007c9b00000)
 Metaspace       used 80212K, committed 81600K, reserved 1179648K
  class space    used 8533K, committed 9216K, reserved 1048576K
}
Event: 1870.977 GC heap before
{Heap before GC invocations=484 (full 25):
 PSYoungGen      total 7168K, used 6074K [0x00000007eab00000, 0x00000007eb500000, 0x0000000800000000)
  eden space 4096K, 100% used [0x00000007eab00000,0x00000007eaf00000,0x00000007eaf00000)
  from space 3072K, 64% used [0x00000007eb200000,0x00000007eb3eeb80,0x00000007eb500000)
  to   space 3072K, 0% used [0x00000007eaf00000,0x00000007eaf00000,0x00000007eb200000)
 ParOldGen       total 158720K, used 128973K [0x00000007c0000000, 0x00000007c9b00000, 0x00000007eab00000)
  object space 158720K, 81% used [0x00000007c0000000,0x00000007c7df3580,0x00000007c9b00000)
 Metaspace       used 80215K, committed 81600K, reserved 1179648K
  class space    used 8533K, committed 9216K, reserved 1048576K
}
Event: 1870.991 GC heap after
{Heap after GC invocations=484 (full 25):
 PSYoungGen      total 5120K, used 560K [0x00000007eab00000, 0x00000007eb300000, 0x0000000800000000)
  eden space 4096K, 0% used [0x00000007eab00000,0x00000007eab00000,0x00000007eaf00000)
  from space 1024K, 54% used [0x00000007eaf00000,0x00000007eaf8c010,0x00000007eb000000)
  to   space 1536K, 0% used [0x00000007eb180000,0x00000007eb180000,0x00000007eb300000)
 ParOldGen       total 158720K, used 130836K [0x00000007c0000000, 0x00000007c9b00000, 0x00000007eab00000)
  object space 158720K, 82% used [0x00000007c0000000,0x00000007c7fc5118,0x00000007c9b00000)
 Metaspace       used 80215K, committed 81600K, reserved 1179648K
  class space    used 8533K, committed 9216K, reserved 1048576K
}
Event: 2086.838 GC heap before
{Heap before GC invocations=485 (full 25):
 PSYoungGen      total 5120K, used 4656K [0x00000007eab00000, 0x00000007eb300000, 0x0000000800000000)
  eden space 4096K, 99% used [0x00000007eab00000,0x00000007eaeffff8,0x00000007eaf00000)
  from space 1024K, 54% used [0x00000007eaf00000,0x00000007eaf8c010,0x00000007eb000000)
  to   space 1536K, 0% used [0x00000007eb180000,0x00000007eb180000,0x00000007eb300000)
 ParOldGen       total 158720K, used 130836K [0x00000007c0000000, 0x00000007c9b00000, 0x00000007eab00000)
  object space 158720K, 82% used [0x00000007c0000000,0x00000007c7fc5118,0x00000007c9b00000)
 Metaspace       used 80218K, committed 81600K, reserved 1179648K
  class space    used 8533K, committed 9216K, reserved 1048576K
}
Event: 2086.877 GC heap after
{Heap after GC invocations=485 (full 25):
 PSYoungGen      total 5120K, used 624K [0x00000007eab00000, 0x00000007eb280000, 0x0000000800000000)
  eden space 4096K, 0% used [0x00000007eab00000,0x00000007eab00000,0x00000007eaf00000)
  from space 1024K, 60% used [0x00000007eb180000,0x00000007eb21c010,0x00000007eb280000)
  to   space 1024K, 0% used [0x00000007eaf00000,0x00000007eaf00000,0x00000007eb000000)
 ParOldGen       total 158720K, used 131288K [0x00000007c0000000, 0x00000007c9b00000, 0x00000007eab00000)
  object space 158720K, 82% used [0x00000007c0000000,0x00000007c8036218,0x00000007c9b00000)
 Metaspace       used 80218K, committed 81600K, reserved 1179648K
  class space    used 8533K, committed 9216K, reserved 1048576K
}
Event: 2401.007 GC heap before
{Heap before GC invocations=486 (full 25):
 PSYoungGen      total 5120K, used 4720K [0x00000007eab00000, 0x00000007eb280000, 0x0000000800000000)
  eden space 4096K, 100% used [0x00000007eab00000,0x00000007eaf00000,0x00000007eaf00000)
  from space 1024K, 60% used [0x00000007eb180000,0x00000007eb21c010,0x00000007eb280000)
  to   space 1024K, 0% used [0x00000007eaf00000,0x00000007eaf00000,0x00000007eb000000)
 ParOldGen       total 158720K, used 131288K [0x00000007c0000000, 0x00000007c9b00000, 0x00000007eab00000)
  object space 158720K, 82% used [0x00000007c0000000,0x00000007c8036218,0x00000007c9b00000)
 Metaspace       used 80226K, committed 81600K, reserved 1179648K
  class space    used 8533K, committed 9216K, reserved 1048576K
}
Event: 2401.025 GC heap after
{Heap after GC invocations=486 (full 25):
 PSYoungGen      total 5120K, used 995K [0x00000007eab00000, 0x00000007eb700000, 0x0000000800000000)
  eden space 4096K, 0% used [0x00000007eab00000,0x00000007eab00000,0x00000007eaf00000)
  from space 1024K, 97% used [0x00000007eaf00000,0x00000007eaff8f50,0x00000007eb000000)
  to   space 4096K, 0% used [0x00000007eb300000,0x00000007eb300000,0x00000007eb700000)
 ParOldGen       total 158720K, used 133530K [0x00000007c0000000, 0x00000007c9b00000, 0x00000007eab00000)
  object space 158720K, 84% used [0x00000007c0000000,0x00000007c8266878,0x00000007c9b00000)
 Metaspace       used 80226K, committed 81600K, reserved 1179648K
  class space    used 8533K, committed 9216K, reserved 1048576K
}
Event: 2401.080 GC heap before
{Heap before GC invocations=487 (full 25):
 PSYoungGen      total 5120K, used 5091K [0x00000007eab00000, 0x00000007eb700000, 0x0000000800000000)
  eden space 4096K, 100% used [0x00000007eab00000,0x00000007eaf00000,0x00000007eaf00000)
  from space 1024K, 97% used [0x00000007eaf00000,0x00000007eaff8f50,0x00000007eb000000)
  to   space 4096K, 0% used [0x00000007eb300000,0x00000007eb300000,0x00000007eb700000)
 ParOldGen       total 158720K, used 133530K [0x00000007c0000000, 0x00000007c9b00000, 0x00000007eab00000)
  object space 158720K, 84% used [0x00000007c0000000,0x00000007c8266878,0x00000007c9b00000)
 Metaspace       used 80227K, committed 81600K, reserved 1179648K
  class space    used 8533K, committed 9216K, reserved 1048576K
}
Event: 2401.096 GC heap after
{Heap after GC invocations=487 (full 25):
 PSYoungGen      total 7680K, used 3392K [0x00000007eab00000, 0x00000007eb680000, 0x0000000800000000)
  eden space 4096K, 0% used [0x00000007eab00000,0x00000007eab00000,0x00000007eaf00000)
  from space 3584K, 94% used [0x00000007eb300000,0x00000007eb650000,0x00000007eb680000)
  to   space 3584K, 0% used [0x00000007eaf80000,0x00000007eaf80000,0x00000007eb300000)
 ParOldGen       total 158720K, used 134549K [0x00000007c0000000, 0x00000007c9b00000, 0x00000007eab00000)
  object space 158720K, 84% used [0x00000007c0000000,0x00000007c83657c8,0x00000007c9b00000)
 Metaspace       used 80227K, committed 81600K, reserved 1179648K
  class space    used 8533K, committed 9216K, reserved 1048576K
}
Event: 2401.166 GC heap before
{Heap before GC invocations=488 (full 25):
 PSYoungGen      total 7680K, used 7488K [0x00000007eab00000, 0x00000007eb680000, 0x0000000800000000)
  eden space 4096K, 100% used [0x00000007eab00000,0x00000007eaf00000,0x00000007eaf00000)
  from space 3584K, 94% used [0x00000007eb300000,0x00000007eb650000,0x00000007eb680000)
  to   space 3584K, 0% used [0x00000007eaf80000,0x00000007eaf80000,0x00000007eb300000)
 ParOldGen       total 158720K, used 134549K [0x00000007c0000000, 0x00000007c9b00000, 0x00000007eab00000)
  object space 158720K, 84% used [0x00000007c0000000,0x00000007c83657c8,0x00000007c9b00000)
 Metaspace       used 80227K, committed 81600K, reserved 1179648K
  class space    used 8533K, committed 9216K, reserved 1048576K
}
Event: 2401.185 GC heap after
{Heap after GC invocations=488 (full 25):
 PSYoungGen      total 7680K, used 3584K [0x00000007eab00000, 0x00000007ebf00000, 0x0000000800000000)
  eden space 4096K, 0% used [0x00000007eab00000,0x00000007eab00000,0x00000007eaf00000)
  from space 3584K, 100% used [0x00000007eaf80000,0x00000007eb300000,0x00000007eb300000)
  to   space 8192K, 0% used [0x00000007eb700000,0x00000007eb700000,0x00000007ebf00000)
 ParOldGen       total 158720K, used 138381K [0x00000007c0000000, 0x00000007c9b00000, 0x00000007eab00000)
  object space 158720K, 87% used [0x00000007c0000000,0x00000007c87237c8,0x00000007c9b00000)
 Metaspace       used 80227K, committed 81600K, reserved 1179648K
  class space    used 8533K, committed 9216K, reserved 1048576K
}
Event: 2401.240 GC heap before
{Heap before GC invocations=489 (full 25):
 PSYoungGen      total 7680K, used 7680K [0x00000007eab00000, 0x00000007ebf00000, 0x0000000800000000)
  eden space 4096K, 100% used [0x00000007eab00000,0x00000007eaf00000,0x00000007eaf00000)
  from space 3584K, 100% used [0x00000007eaf80000,0x00000007eb300000,0x00000007eb300000)
  to   space 8192K, 0% used [0x00000007eb700000,0x00000007eb700000,0x00000007ebf00000)
 ParOldGen       total 158720K, used 138381K [0x00000007c0000000, 0x00000007c9b00000, 0x00000007eab00000)
  object space 158720K, 87% used [0x00000007c0000000,0x00000007c87237c8,0x00000007c9b00000)
 Metaspace       used 80232K, committed 81600K, reserved 1179648K
  class space    used 8533K, committed 9216K, reserved 1048576K
}
Event: 2401.256 GC heap after
{Heap after GC invocations=489 (full 25):
 PSYoungGen      total 7168K, used 2931K [0x00000007eab00000, 0x00000007eba00000, 0x0000000800000000)
  eden space 4096K, 0% used [0x00000007eab00000,0x00000007eab00000,0x00000007eaf00000)
  from space 3072K, 95% used [0x00000007eb700000,0x00000007eb9dcd10,0x00000007eba00000)
  to   space 4608K, 0% used [0x00000007eb100000,0x00000007eb100000,0x00000007eb580000)
 ParOldGen       total 158720K, used 142013K [0x00000007c0000000, 0x00000007c9b00000, 0x00000007eab00000)
  object space 158720K, 89% used [0x00000007c0000000,0x00000007c8aaf7c8,0x00000007c9b00000)
 Metaspace       used 80232K, committed 81600K, reserved 1179648K
  class space    used 8533K, committed 9216K, reserved 1048576K
}
Event: 2401.309 GC heap before
{Heap before GC invocations=490 (full 25):
 PSYoungGen      total 7168K, used 7027K [0x00000007eab00000, 0x00000007eba00000, 0x0000000800000000)
  eden space 4096K, 99% used [0x00000007eab00000,0x00000007eaefffe8,0x00000007eaf00000)
  from space 3072K, 95% used [0x00000007eb700000,0x00000007eb9dcd10,0x00000007eba00000)
  to   space 4608K, 0% used [0x00000007eb100000,0x00000007eb100000,0x00000007eb580000)
 ParOldGen       total 158720K, used 142013K [0x00000007c0000000, 0x00000007c9b00000, 0x00000007eab00000)
  object space 158720K, 89% used [0x00000007c0000000,0x00000007c8aaf7c8,0x00000007c9b00000)
 Metaspace       used 80237K, committed 81600K, reserved 1179648K
  class space    used 8533K, committed 9216K, reserved 1048576K
}
Event: 2401.316 GC heap after
{Heap after GC invocations=490 (full 25):
 PSYoungGen      total 6656K, used 2458K [0x00000007eab00000, 0x00000007eb780000, 0x0000000800000000)
  eden space 4096K, 0% used [0x00000007eab00000,0x00000007eab00000,0x00000007eaf00000)
  from space 2560K, 96% used [0x00000007eb100000,0x00000007eb366800,0x00000007eb380000)
  to   space 3072K, 0% used [0x00000007eb480000,0x00000007eb480000,0x00000007eb780000)
 ParOldGen       total 158720K, used 144786K [0x00000007c0000000, 0x00000007c9b00000, 0x00000007eab00000)
  object space 158720K, 91% used [0x00000007c0000000,0x00000007c8d64898,0x00000007c9b00000)
 Metaspace       used 80237K, committed 81600K, reserved 1179648K
  class space    used 8533K, committed 9216K, reserved 1048576K
}
Event: 2401.428 GC heap before
{Heap before GC invocations=491 (full 25):
 PSYoungGen      total 6656K, used 6554K [0x00000007eab00000, 0x00000007eb780000, 0x0000000800000000)
  eden space 4096K, 100% used [0x00000007eab00000,0x00000007eaf00000,0x00000007eaf00000)
  from space 2560K, 96% used [0x00000007eb100000,0x00000007eb366800,0x00000007eb380000)
  to   space 3072K, 0% used [0x00000007eb480000,0x00000007eb480000,0x00000007eb780000)
 ParOldGen       total 158720K, used 144786K [0x00000007c0000000, 0x00000007c9b00000, 0x00000007eab00000)
  object space 158720K, 91% used [0x00000007c0000000,0x00000007c8d64898,0x00000007c9b00000)
 Metaspace       used 80317K, committed 81664K, reserved 1179648K
  class space    used 8550K, committed 9216K, reserved 1048576K
}
Event: 2401.442 GC heap after
{Heap after GC invocations=491 (full 25):
 PSYoungGen      total 5632K, used 1329K [0x00000007eab00000, 0x00000007eb600000, 0x0000000800000000)
  eden space 4096K, 0% used [0x00000007eab00000,0x00000007eab00000,0x00000007eaf00000)
  from space 1536K, 86% used [0x00000007eb480000,0x00000007eb5cc6d8,0x00000007eb600000)
  to   space 2048K, 0% used [0x00000007eb200000,0x00000007eb200000,0x00000007eb400000)
 ParOldGen       total 158720K, used 148206K [0x00000007c0000000, 0x00000007c9b00000, 0x00000007eab00000)
  object space 158720K, 93% used [0x00000007c0000000,0x00000007c90bb898,0x00000007c9b00000)
 Metaspace       used 80317K, committed 81664K, reserved 1179648K
  class space    used 8550K, committed 9216K, reserved 1048576K
}
Event: 2401.727 GC heap before
{Heap before GC invocations=492 (full 26):
 PSYoungGen      total 5632K, used 5299K [0x00000007eab00000, 0x00000007eb600000, 0x0000000800000000)
  eden space 4096K, 96% used [0x00000007eab00000,0x00000007eaee0640,0x00000007eaf00000)
  from space 1536K, 86% used [0x00000007eb480000,0x00000007eb5cc6d8,0x00000007eb600000)
  to   space 2048K, 0% used [0x00000007eb200000,0x00000007eb200000,0x00000007eb400000)
 ParOldGen       total 182272K, used 178926K [0x00000007c0000000, 0x00000007cb200000, 0x00000007eab00000)
  object space 182272K, 98% used [0x00000007c0000000,0x00000007caebb8c8,0x00000007cb200000)
 Metaspace       used 80340K, committed 81728K, reserved 1179648K
  class space    used 8550K, committed 9216K, reserved 1048576K
}

Dll operation events (20 events):
Event: 0.352 Loaded shared library /Users/ibrahimaniang/.vscode/extensions/redhat.java-1.21.0-darwin-x64/jre/17.0.7-macosx-x86_64/lib/libzip.dylib
Event: 0.375 Loaded shared library /Users/ibrahimaniang/.vscode/extensions/redhat.java-1.21.0-darwin-x64/jre/17.0.7-macosx-x86_64/lib/libjimage.dylib
Event: 0.476 Loaded shared library /Users/ibrahimaniang/.vscode/extensions/redhat.java-1.21.0-darwin-x64/jre/17.0.7-macosx-x86_64/lib/libverify.dylib
Event: 2.352 Loaded shared library /Users/ibrahimaniang/.vscode/extensions/redhat.java-1.21.0-darwin-x64/jre/17.0.7-macosx-x86_64/lib/libnet.dylib
Event: 3.571 Loaded shared library /Users/ibrahimaniang/Library/Application Support/Code/User/globalStorage/redhat.java/1.21.0/config_mac/org.eclipse.equinox.launcher/org.eclipse.equinox.launcher.cocoa.macosx.x86_64_1.2.700.v20221108-1024/eclipse_11801.so
Event: 5.621 Loading shared library /Users/ibrahimaniang/.vscode/extensions/redhat.java-1.21.0-darwin-x64/jre/17.0.7-macosx-x86_64/lib/libunixfile_1_0_0.dylib failed, dlopen(/Users/ibrahimaniang/.vscode/extensions/redhat.java-1.21.0-darwin-x64/jre/17.0.7-macosx-x86_64
Event: 5.621 Loading shared library /Users/ibrahimaniang/.vscode/extensions/redhat.java-1.21.0-darwin-x64/jre/17.0.7-macosx-x86_64/lib/libunixfile_1_0_0.jnilib failed, dlopen(/Users/ibrahimaniang/.vscode/extensions/redhat.java-1.21.0-darwin-x64/jre/17.0.7-macosx-x86_6
Event: 5.622 Loading shared library /Users/ibrahimaniang/Library/Java/Extensions/libunixfile_1_0_0.dylib failed, dlopen(/Users/ibrahimaniang/Library/Java/Extensions/libunixfile_1_0_0.dylib, 0x0001): tried: '/Users/ibrahimaniang/Library/Java/Extensions/libunixfile_1_0_
Event: 5.622 Loading shared library /Users/ibrahimaniang/Library/Java/Extensions/libunixfile_1_0_0.jnilib failed, dlopen(/Users/ibrahimaniang/Library/Java/Extensions/libunixfile_1_0_0.jnilib, 0x0001): tried: '/Users/ibrahimaniang/Library/Java/Extensions/libunixfile_1_
Event: 5.622 Loading shared library /Library/Java/Extensions/libunixfile_1_0_0.dylib failed, dlopen(/Library/Java/Extensions/libunixfile_1_0_0.dylib, 0x0001): tried: '/Library/Java/Extensions/libunixfile_1_0_0.dylib' (no such file)
Event: 5.622 Loading shared library /Library/Java/Extensions/libunixfile_1_0_0.jnilib failed, dlopen(/Library/Java/Extensions/libunixfile_1_0_0.jnilib, 0x0001): tried: '/Library/Java/Extensions/libunixfile_1_0_0.jnilib' (no such file)
Event: 5.622 Loading shared library /Network/Library/Java/Extensions/libunixfile_1_0_0.dylib failed, dlopen(/Network/Library/Java/Extensions/libunixfile_1_0_0.dylib, 0x0001): tried: '/Network/Library/Java/Extensions/libunixfile_1_0_0.dylib' (no such file)
Event: 5.622 Loading shared library /Network/Library/Java/Extensions/libunixfile_1_0_0.jnilib failed, dlopen(/Network/Library/Java/Extensions/libunixfile_1_0_0.jnilib, 0x0001): tried: '/Network/Library/Java/Extensions/libunixfile_1_0_0.jnilib' (no such file)
Event: 5.623 Loading shared library /System/Library/Java/Extensions/libunixfile_1_0_0.dylib failed, dlopen(/System/Library/Java/Extensions/libunixfile_1_0_0.dylib, 0x0001): tried: '/System/Library/Java/Extensions/libunixfile_1_0_0.dylib' (no such file)
Event: 5.623 Loading shared library /System/Library/Java/Extensions/libunixfile_1_0_0.jnilib failed, dlopen(/System/Library/Java/Extensions/libunixfile_1_0_0.jnilib, 0x0001): tried: '/System/Library/Java/Extensions/libunixfile_1_0_0.jnilib' (no such file)
Event: 5.623 Loading shared library /usr/lib/java/libunixfile_1_0_0.dylib failed, dlopen(/usr/lib/java/libunixfile_1_0_0.dylib, 0x0001): tried: '/usr/lib/java/libunixfile_1_0_0.dylib' (no such file)
Event: 5.623 Loading shared library /usr/lib/java/libunixfile_1_0_0.jnilib failed, dlopen(/usr/lib/java/libunixfile_1_0_0.jnilib, 0x0001): tried: '/usr/lib/java/libunixfile_1_0_0.jnilib' (no such file)
Event: 5.624 Loading shared library /Applications/Projet_java/ForcenHopital/libunixfile_1_0_0.dylib failed, dlopen(/Applications/Projet_java/ForcenHopital/libunixfile_1_0_0.dylib, 0x0001): tried: '/Applications/Projet_java/ForcenHopital/libunixfile_1_0_0.dylib' (no su
Event: 5.626 Loading shared library /Applications/Projet_java/ForcenHopital/libunixfile_1_0_0.jnilib failed, dlopen(/Applications/Projet_java/ForcenHopital/libunixfile_1_0_0.jnilib, 0x0001): tried: '/Applications/Projet_java/ForcenHopital/libunixfile_1_0_0.jnilib' (no
Event: 9.480 Loaded shared library /Users/ibrahimaniang/.vscode/extensions/redhat.java-1.21.0-darwin-x64/jre/17.0.7-macosx-x86_64/lib/libextnet.dylib

Deoptimization events (20 events):
Event: 2401.466 Thread 0x00007fc4bea4ea00 DEOPT PACKING pc=0x000000011e28e020 sp=0x000070000d7d98c0
Event: 2401.466 Thread 0x00007fc4bea4ea00 DEOPT UNPACKING pc=0x000000011d536399 sp=0x000070000d7d9868 mode 2
Event: 2401.466 Thread 0x00007fc4bea4ea00 Uncommon trap: trap_request=0xffffffde fr.pc=0x000000011e28e020 relative=0x0000000000000100
Event: 2401.466 Thread 0x00007fc4bea4ea00 Uncommon trap: reason=class_check action=maybe_recompile pc=0x000000011e28e020 method=org.eclipse.jdt.internal.compiler.lookup.InferenceVariable.hashCode()I @ 31 c2
Event: 2401.466 Thread 0x00007fc4bea4ea00 DEOPT PACKING pc=0x000000011e28e020 sp=0x000070000d7d9af0
Event: 2401.466 Thread 0x00007fc4bea4ea00 DEOPT UNPACKING pc=0x000000011d536399 sp=0x000070000d7d9a98 mode 2
Event: 2401.466 Thread 0x00007fc4bea4ea00 Uncommon trap: trap_request=0xffffffde fr.pc=0x000000011e28e020 relative=0x0000000000000100
Event: 2401.466 Thread 0x00007fc4bea4ea00 Uncommon trap: reason=class_check action=maybe_recompile pc=0x000000011e28e020 method=org.eclipse.jdt.internal.compiler.lookup.InferenceVariable.hashCode()I @ 31 c2
Event: 2401.466 Thread 0x00007fc4bea4ea00 DEOPT PACKING pc=0x000000011e28e020 sp=0x000070000d7d9c40
Event: 2401.466 Thread 0x00007fc4bea4ea00 DEOPT UNPACKING pc=0x000000011d536399 sp=0x000070000d7d9be8 mode 2
Event: 2401.471 Thread 0x00007fc4bea4ea00 Uncommon trap: trap_request=0xffffff45 fr.pc=0x000000011e0564a4 relative=0x0000000000001b04
Event: 2401.471 Thread 0x00007fc4bea4ea00 Uncommon trap: reason=unstable_if action=reinterpret pc=0x000000011e0564a4 method=org.eclipse.jdt.internal.compiler.util.Util.effectivelyEqual([Ljava/lang/Object;[Ljava/lang/Object;)Z @ 37 c2
Event: 2401.471 Thread 0x00007fc4bea4ea00 DEOPT PACKING pc=0x000000011e0564a4 sp=0x000070000d7da0b0
Event: 2401.471 Thread 0x00007fc4bea4ea00 DEOPT UNPACKING pc=0x000000011d536399 sp=0x000070000d7d9e80 mode 2
Event: 2401.471 Thread 0x00007fc4bea4ea00 Uncommon trap: trap_request=0xffffff45 fr.pc=0x000000011e21f5bc relative=0x000000000000009c
Event: 2401.471 Thread 0x00007fc4bea4ea00 Uncommon trap: reason=unstable_if action=reinterpret pc=0x000000011e21f5bc method=org.eclipse.jdt.internal.compiler.util.Util.effectivelyEqual([Ljava/lang/Object;[Ljava/lang/Object;)Z @ 37 c2
Event: 2401.471 Thread 0x00007fc4bea4ea00 DEOPT PACKING pc=0x000000011e21f5bc sp=0x000070000d7da030
Event: 2401.471 Thread 0x00007fc4bea4ea00 DEOPT UNPACKING pc=0x000000011d536399 sp=0x000070000d7d9fe8 mode 2
Event: 2401.495 Thread 0x00007fc4c523a000 DEOPT PACKING pc=0x00000001173aa0b2 sp=0x000070000df711d0
Event: 2401.495 Thread 0x00007fc4c523a000 DEOPT UNPACKING pc=0x000000011d536b2f sp=0x000070000df70668 mode 0

Classes unloaded (20 events):
Event: 1167.972 Thread 0x00007fc4bd7248c0 Unloading class 0x0000000800210800 'java/lang/invoke/LambdaForm$MH+0x0000000800210800'
Event: 1167.972 Thread 0x00007fc4bd7248c0 Unloading class 0x0000000800210000 'java/lang/invoke/LambdaForm$MH+0x0000000800210000'
Event: 1167.972 Thread 0x00007fc4bd7248c0 Unloading class 0x00000008001a5c00 'java/lang/invoke/LambdaForm$MH+0x00000008001a5c00'
Event: 1167.972 Thread 0x00007fc4bd7248c0 Unloading class 0x00000008001a5800 'java/lang/invoke/LambdaForm$MH+0x00000008001a5800'
Event: 1167.972 Thread 0x00007fc4bd7248c0 Unloading class 0x00000008001a5400 'java/lang/invoke/LambdaForm$MH+0x00000008001a5400'
Event: 1167.972 Thread 0x00007fc4bd7248c0 Unloading class 0x00000008001a5000 'java/lang/invoke/LambdaForm$MH+0x00000008001a5000'
Event: 1167.972 Thread 0x00007fc4bd7248c0 Unloading class 0x00000008001a4c00 'java/lang/invoke/LambdaForm$MH+0x00000008001a4c00'
Event: 1167.972 Thread 0x00007fc4bd7248c0 Unloading class 0x00000008001a4800 'java/lang/invoke/LambdaForm$MH+0x00000008001a4800'
Event: 1167.972 Thread 0x00007fc4bd7248c0 Unloading class 0x00000008001a4400 'java/lang/invoke/LambdaForm$MH+0x00000008001a4400'
Event: 1167.972 Thread 0x00007fc4bd7248c0 Unloading class 0x00000008001a4000 'java/lang/invoke/LambdaForm$MH+0x00000008001a4000'
Event: 1250.166 Thread 0x00007fc4bd7248c0 Unloading class 0x000000080019d400 'java/lang/invoke/LambdaForm$MH+0x000000080019d400'
Event: 1250.166 Thread 0x00007fc4bd7248c0 Unloading class 0x000000080019cc00 'java/lang/invoke/LambdaForm$MH+0x000000080019cc00'
Event: 1250.166 Thread 0x00007fc4bd7248c0 Unloading class 0x000000080019c800 'java/lang/invoke/LambdaForm$MH+0x000000080019c800'
Event: 1250.166 Thread 0x00007fc4bd7248c0 Unloading class 0x000000080019c000 'java/lang/invoke/LambdaForm$MH+0x000000080019c000'
Event: 1250.166 Thread 0x00007fc4bd7248c0 Unloading class 0x0000000800199c00 'java/lang/invoke/LambdaForm$MH+0x0000000800199c00'
Event: 1250.166 Thread 0x00007fc4bd7248c0 Unloading class 0x0000000800199400 'java/lang/invoke/LambdaForm$MH+0x0000000800199400'
Event: 2402.086 Thread 0x00007fc4bd7248c0 Unloading class 0x0000000800212400 'java/lang/invoke/LambdaForm$MH+0x0000000800212400'
Event: 2402.086 Thread 0x00007fc4bd7248c0 Unloading class 0x0000000800212000 'java/lang/invoke/LambdaForm$MH+0x0000000800212000'
Event: 2402.086 Thread 0x00007fc4bd7248c0 Unloading class 0x0000000800211c00 'java/lang/invoke/LambdaForm$MH+0x0000000800211c00'
Event: 2402.086 Thread 0x00007fc4bd7248c0 Unloading class 0x0000000800211800 'java/lang/invoke/LambdaForm$MH+0x0000000800211800'

Classes redefined (0 events):
No events

Internal exceptions (20 events):
Event: 685.501 Thread 0x00007fc4bfa22c00 Exception <a 'sun/nio/fs/UnixException'{0x00000007eb14a1d0}> (0x00000007eb14a1d0) 
thrown [src/hotspot/share/prims/jni.cpp, line 516]
Event: 687.511 Thread 0x00007fc4bfa22c00 Exception <a 'sun/nio/fs/UnixException'{0x00000007eab78aa0}> (0x00000007eab78aa0) 
thrown [src/hotspot/share/prims/jni.cpp, line 516]
Event: 772.871 Thread 0x00007fc4bfa22c00 Exception <a 'sun/nio/fs/UnixException'{0x00000007eb03cc28}> (0x00000007eb03cc28) 
thrown [src/hotspot/share/prims/jni.cpp, line 516]
Event: 773.104 Thread 0x00007fc4bfe08800 Implicit null exception at 0x000000011e1bcf80 to 0x000000011e1be5a8
Event: 775.135 Thread 0x00007fc4bfa22c00 Exception <a 'sun/nio/fs/UnixException'{0x00000007eab60268}> (0x00000007eab60268) 
thrown [src/hotspot/share/prims/jni.cpp, line 516]
Event: 964.161 Thread 0x00007fc4bfa22c00 Exception <a 'sun/nio/fs/UnixException'{0x00000007eac8e400}> (0x00000007eac8e400) 
thrown [src/hotspot/share/prims/jni.cpp, line 516]
Event: 967.860 Thread 0x00007fc4bfa22c00 Exception <a 'sun/nio/fs/UnixException'{0x00000007eaffa5c8}> (0x00000007eaffa5c8) 
thrown [src/hotspot/share/prims/jni.cpp, line 516]
Event: 1166.460 Thread 0x00007fc4bfa22c00 Exception <a 'sun/nio/fs/UnixException'{0x00000007eac1e9c0}> (0x00000007eac1e9c0) 
thrown [src/hotspot/share/prims/jni.cpp, line 516]
Event: 1169.118 Thread 0x00007fc4bfa22c00 Exception <a 'sun/nio/fs/UnixException'{0x00000007eab52f50}> (0x00000007eab52f50) 
thrown [src/hotspot/share/prims/jni.cpp, line 516]
Event: 1247.333 Thread 0x00007fc4bfa22c00 Exception <a 'sun/nio/fs/UnixException'{0x00000007ead579c8}> (0x00000007ead579c8) 
thrown [src/hotspot/share/prims/jni.cpp, line 516]
Event: 1248.036 Thread 0x00007fc4c464b000 Exception <a 'java/lang/ClassCastException'{0x00000007eac24fa0}> (0x00000007eac24fa0) 
thrown [src/hotspot/share/runtime/sharedRuntime.cpp, line 628]
Event: 1248.494 Thread 0x00007fc4bfa22c00 Exception <a 'sun/nio/fs/UnixException'{0x00000007eab4e3d8}> (0x00000007eab4e3d8) 
thrown [src/hotspot/share/prims/jni.cpp, line 516]
Event: 1437.560 Thread 0x00007fc4bfa22c00 Exception <a 'sun/nio/fs/UnixException'{0x00000007eaeb2710}> (0x00000007eaeb2710) 
thrown [src/hotspot/share/prims/jni.cpp, line 516]
Event: 1437.758 Thread 0x00007fc4bdf78800 Exception <a 'java/lang/ClassCastException'{0x00000007ead5c130}> (0x00000007ead5c130) 
thrown [src/hotspot/share/runtime/sharedRuntime.cpp, line 628]
Event: 1438.120 Thread 0x00007fc4bfa22c00 Exception <a 'sun/nio/fs/UnixException'{0x00000007eacc6c68}> (0x00000007eacc6c68) 
thrown [src/hotspot/share/prims/jni.cpp, line 516]
Event: 1866.543 Thread 0x00007fc4bfa22c00 Exception <a 'sun/nio/fs/UnixException'{0x00000007eac6f2e8}> (0x00000007eac6f2e8) 
thrown [src/hotspot/share/prims/jni.cpp, line 516]
Event: 1866.836 Thread 0x00007fc4c546cc00 Exception <a 'java/lang/ClassCastException'{0x00000007ead51090}> (0x00000007ead51090) 
thrown [src/hotspot/share/runtime/sharedRuntime.cpp, line 628]
Event: 1868.712 Thread 0x00007fc4c41cc200 Implicit null exception at 0x000000011dcd19c3 to 0x000000011dcd1b1c
Event: 1870.184 Thread 0x00007fc4bfa22c00 Exception <a 'sun/nio/fs/UnixException'{0x00000007eab317d0}> (0x00000007eab317d0) 
thrown [src/hotspot/share/prims/jni.cpp, line 516]
Event: 2400.852 Thread 0x00007fc4bfa22c00 Exception <a 'sun/nio/fs/UnixException'{0x00000007eac48620}> (0x00000007eac48620) 
thrown [src/hotspot/share/prims/jni.cpp, line 516]

VM Operations (20 events):
Event: 1871.995 Executing VM operation: Cleanup done
Event: 2086.837 Executing VM operation: ParallelGCFailedAllocation
Event: 2086.877 Executing VM operation: ParallelGCFailedAllocation done
Event: 2106.916 Executing VM operation: Cleanup
Event: 2106.916 Executing VM operation: Cleanup done
Event: 2167.060 Executing VM operation: Cleanup
Event: 2167.060 Executing VM operation: Cleanup done
Event: 2401.005 Executing VM operation: ParallelGCFailedAllocation
Event: 2401.035 Executing VM operation: ParallelGCFailedAllocation done
Event: 2401.079 Executing VM operation: ParallelGCFailedAllocation
Event: 2401.107 Executing VM operation: ParallelGCFailedAllocation done
Event: 2401.166 Executing VM operation: ParallelGCFailedAllocation
Event: 2401.185 Executing VM operation: ParallelGCFailedAllocation done
Event: 2401.240 Executing VM operation: ParallelGCFailedAllocation
Event: 2401.265 Executing VM operation: ParallelGCFailedAllocation done
Event: 2401.309 Executing VM operation: ParallelGCFailedAllocation
Event: 2401.316 Executing VM operation: ParallelGCFailedAllocation done
Event: 2401.427 Executing VM operation: ParallelGCFailedAllocation
Event: 2401.452 Executing VM operation: ParallelGCFailedAllocation done
Event: 2401.726 Executing VM operation: ParallelGCFailedAllocation

Events (20 events):
Event: 2166.598 Protecting memory [0x000070000d6db000,0x000070000d6df000] with protection modes 3
Event: 2166.598 Protecting memory [0x000070000da67000,0x000070000da6b000] with protection modes 3
Event: 2166.598 Protecting memory [0x000070000db6a000,0x000070000db6e000] with protection modes 3
Event: 2166.598 Thread 0x00007fc4bfa45400 Thread exited: 0x00007fc4bfa45400
Event: 2166.598 Thread 0x00007fc4bea4ea00 Thread exited: 0x00007fc4bea4ea00
Event: 2166.598 Thread 0x00007fc4bfe08800 Thread exited: 0x00007fc4bfe08800
Event: 2166.614 Thread 0x00007fc4bea4ea00 Thread added: 0x00007fc4bea4ea00
Event: 2166.614 Protecting memory [0x000070000d6db000,0x000070000d6df000] with protection modes 0
Event: 2172.173 Protecting memory [0x000070000d6db000,0x000070000d6df000] with protection modes 3
Event: 2172.173 Thread 0x00007fc4bea4ea00 Thread exited: 0x00007fc4bea4ea00
Event: 2401.365 loading class jdk/internal/module/IllegalAccessLogger
Event: 2401.365 loading class jdk/internal/module/IllegalAccessLogger done
Event: 2401.367 Thread 0x00007fc4bea4ea00 Thread added: 0x00007fc4bea4ea00
Event: 2401.367 Protecting memory [0x000070000d6db000,0x000070000d6df000] with protection modes 0
Event: 2401.476 Protecting memory [0x000070000d6db000,0x000070000d6df000] with protection modes 3
Event: 2401.479 Thread 0x00007fc4bea4ea00 Thread exited: 0x00007fc4bea4ea00
Event: 2401.724 Thread 0x00007fc4bea4ea00 Thread added: 0x00007fc4bea4ea00
Event: 2401.724 Protecting memory [0x000070000d6db000,0x000070000d6df000] with protection modes 0
Event: 2401.726 Thread 0x00007fc4c45f3400 Thread added: 0x00007fc4c45f3400
Event: 2401.726 Protecting memory [0x000070000da67000,0x000070000da6b000] with protection modes 0


Dynamic libraries:
0x000000010c7f0000 	/Users/ibrahimaniang/.vscode/extensions/redhat.java-1.21.0-darwin-x64/jre/17.0.7-macosx-x86_64/lib/libjli.dylib
0x00007ff80eed4000 	/usr/lib/libz.1.dylib
0x00007ff80efb4000 	/usr/lib/libSystem.B.dylib
0x00007ff80efaf000 	/usr/lib/system/libcache.dylib
0x00007ff80ef6b000 	/usr/lib/system/libcommonCrypto.dylib
0x00007ff80ef94000 	/usr/lib/system/libcompiler_rt.dylib
0x00007ff80ef8a000 	/usr/lib/system/libcopyfile.dylib
0x00007ff803f42000 	/usr/lib/system/libcorecrypto.dylib
0x00007ff804000000 	/usr/lib/system/libdispatch.dylib
0x00007ff8041c0000 	/usr/lib/system/libdyld.dylib
0x00007ff80efa6000 	/usr/lib/system/libkeymgr.dylib
0x00007ff80ef49000 	/usr/lib/system/libmacho.dylib
0x00007ff80e5ca000 	/usr/lib/system/libquarantine.dylib
0x00007ff80efa4000 	/usr/lib/system/libremovefile.dylib
0x00007ff809155000 	/usr/lib/system/libsystem_asl.dylib
0x00007ff803eeb000 	/usr/lib/system/libsystem_blocks.dylib
0x00007ff804084000 	/usr/lib/system/libsystem_c.dylib
0x00007ff80ef9c000 	/usr/lib/system/libsystem_collections.dylib
0x00007ff80d87e000 	/usr/lib/system/libsystem_configuration.dylib
0x00007ff80cb27000 	/usr/lib/system/libsystem_containermanager.dylib
0x00007ff80ec81000 	/usr/lib/system/libsystem_coreservices.dylib
0x00007ff8067f6000 	/usr/lib/system/libsystem_darwin.dylib
0x00007ff80efa7000 	/usr/lib/system/libsystem_dnssd.dylib
0x00007ff804081000 	/usr/lib/system/libsystem_featureflags.dylib
0x00007ff8041d6000 	/usr/lib/system/libsystem_info.dylib
0x00007ff80eee7000 	/usr/lib/system/libsystem_m.dylib
0x00007ff803fd4000 	/usr/lib/system/libsystem_malloc.dylib
0x00007ff8090f0000 	/usr/lib/system/libsystem_networkextension.dylib
0x00007ff806c1c000 	/usr/lib/system/libsystem_notify.dylib
0x00007ff815225000 	/usr/lib/system/libsystem_product_info_filter.dylib
0x00007ff80d882000 	/usr/lib/system/libsystem_sandbox.dylib
0x00007ff80efa1000 	/usr/lib/system/libsystem_secinit.dylib
0x00007ff80417c000 	/usr/lib/system/libsystem_kernel.dylib
0x00007ff8041cc000 	/usr/lib/system/libsystem_platform.dylib
0x00007ff8041b4000 	/usr/lib/system/libsystem_pthread.dylib
0x00007ff80a9a3000 	/usr/lib/system/libsystem_symptoms.dylib
0x00007ff803f29000 	/usr/lib/system/libsystem_trace.dylib
0x00007ff80ef77000 	/usr/lib/system/libunwind.dylib
0x00007ff803eed000 	/usr/lib/system/libxpc.dylib
0x00007ff804166000 	/usr/lib/libc++abi.dylib
0x00007ff804047000 	/usr/lib/libobjc.A.dylib
0x00007ff80ef82000 	/usr/lib/liboah.dylib
0x00007ff80410d000 	/usr/lib/libc++.1.dylib
0x00007ff81b027000 	/System/Library/Frameworks/Cocoa.framework/Versions/A/Cocoa
0x00007ff806c7a000 	/System/Library/Frameworks/AppKit.framework/Versions/C/AppKit
0x00007ff80a191000 	/System/Library/Frameworks/CoreData.framework/Versions/A/CoreData
0x00007ff80507d000 	/System/Library/Frameworks/Foundation.framework/Versions/C/Foundation
0x00007ff807b0a000 	/System/Library/PrivateFrameworks/UIFoundation.framework/Versions/A/UIFoundation
0x00007ff814f28000 	/System/Library/PrivateFrameworks/RemoteViewServices.framework/Versions/A/RemoteViewServices
0x00007ff80d208000 	/System/Library/PrivateFrameworks/XCTTargetBootstrap.framework/Versions/A/XCTTargetBootstrap
0x00007ff810dbe000 	/System/Library/PrivateFrameworks/InternationalSupport.framework/Versions/A/InternationalSupport
0x00007ff810e48000 	/System/Library/PrivateFrameworks/UserActivity.framework/Versions/A/UserActivity
0x00007ff81019b000 	/usr/lib/libspindump.dylib
0x00007ff807d99000 	/System/Library/Frameworks/UniformTypeIdentifiers.framework/Versions/A/UniformTypeIdentifiers
0x00007ff80b92c000 	/usr/lib/libapp_launch_measurement.dylib
0x00007ff80ab63000 	/System/Library/PrivateFrameworks/CoreAnalytics.framework/Versions/A/CoreAnalytics
0x00007ff80b92f000 	/System/Library/PrivateFrameworks/CoreAutoLayout.framework/Versions/A/CoreAutoLayout
0x00007ff80cb5f000 	/System/Library/Frameworks/Metal.framework/Versions/A/Metal
0x00007ff80d88e000 	/usr/lib/liblangid.dylib
0x00007ff80d20d000 	/System/Library/PrivateFrameworks/CoreSVG.framework/Versions/A/CoreSVG
0x00007ff809185000 	/System/Library/PrivateFrameworks/SkyLight.framework/Versions/A/SkyLight
0x00007ff809524000 	/System/Library/Frameworks/CoreGraphics.framework/Versions/A/CoreGraphics
0x00007ff8155e8000 	/System/Library/Frameworks/Accelerate.framework/Versions/A/Accelerate
0x00007ff80fc1a000 	/System/Library/PrivateFrameworks/IconServices.framework/Versions/A/IconServices
0x00007ff80cb44000 	/System/Library/Frameworks/IOSurface.framework/Versions/A/IOSurface
0x00007ff80ab91000 	/usr/lib/libDiagnosticMessagesClient.dylib
0x00007ff818ccb000 	/System/Library/Frameworks/ApplicationServices.framework/Versions/A/ApplicationServices
0x00007ff80d1f4000 	/System/Library/PrivateFrameworks/DFRFoundation.framework/Versions/A/DFRFoundation
0x00007ff806562000 	/usr/lib/libicucore.A.dylib
0x00007ff811bb4000 	/System/Library/Frameworks/AudioToolbox.framework/Versions/A/AudioToolbox
0x00007ff810dca000 	/System/Library/PrivateFrameworks/DataDetectorsCore.framework/Versions/A/DataDetectorsCore
0x00007ff90d2c8000 	/System/Library/PrivateFrameworks/TextInput.framework/Versions/A/TextInput
0x00007ff809108000 	/usr/lib/libMobileGestalt.dylib
0x00007ff80cf00000 	/System/Library/Frameworks/Carbon.framework/Versions/A/Frameworks/HIToolbox.framework/Versions/A/HIToolbox
0x00007ff80b32e000 	/System/Library/Frameworks/QuartzCore.framework/Versions/A/QuartzCore
0x00007ff806207000 	/System/Library/Frameworks/Security.framework/Versions/A/Security
0x00007ff814f60000 	/System/Library/Frameworks/Carbon.framework/Versions/A/Frameworks/SpeechRecognition.framework/Versions/A/SpeechRecognition
0x00007ff80b68c000 	/System/Library/PrivateFrameworks/CoreUI.framework/Versions/A/CoreUI
0x00007ff805ad1000 	/System/Library/Frameworks/CoreAudio.framework/Versions/A/CoreAudio
0x00007ff80ac80000 	/System/Library/Frameworks/DiskArbitration.framework/Versions/A/DiskArbitration
0x00007ff81058a000 	/System/Library/PrivateFrameworks/MultitouchSupport.framework/Versions/A/MultitouchSupport
0x00007ff809107000 	/usr/lib/libenergytrace.dylib
0x00007ff806b66000 	/System/Library/Frameworks/IOKit.framework/Versions/A/IOKit
0x00007ff815350000 	/System/Library/Frameworks/CoreServices.framework/Versions/A/CoreServices
0x00007ff80b8c6000 	/System/Library/PrivateFrameworks/PerformanceAnalysis.framework/Versions/A/PerformanceAnalysis
0x00007ffa1cfa6000 	/System/Library/Frameworks/OpenGL.framework/Versions/A/OpenGL
0x00007ff80e4f0000 	/System/Library/PrivateFrameworks/MobileKeyBag.framework/Versions/A/MobileKeyBag
0x00007ff809bf0000 	/System/Library/Frameworks/ColorSync.framework/Versions/A/ColorSync
0x00007ff804201000 	/System/Library/Frameworks/CoreFoundation.framework/Versions/A/CoreFoundation
0x00007ff80d484000 	/System/Library/Frameworks/CoreImage.framework/Versions/A/CoreImage
0x00007ff8058e5000 	/System/Library/Frameworks/CoreText.framework/Versions/A/CoreText
0x00007ff80d23d000 	/System/Library/Frameworks/ImageIO.framework/Versions/A/ImageIO
0x00007ff80efba000 	/System/Library/PrivateFrameworks/SoftLinking.framework/Versions/A/SoftLinking
0x00007ff80b977000 	/usr/lib/libxml2.2.dylib
0x00007ff80f23e000 	/usr/lib/libcompression.dylib
0x00007ff810cf1000 	/System/Library/PrivateFrameworks/TextureIO.framework/Versions/A/TextureIO
0x00007ff80f92c000 	/usr/lib/libate.dylib
0x00007ff80f708000 	/usr/lib/liblzma.5.dylib
0x00007ff804d8f000 	/System/Library/Frameworks/SystemConfiguration.framework/Versions/A/SystemConfiguration
0x00007ff80efb6000 	/usr/lib/libfakelink.dylib
0x00007ff808c60000 	/System/Library/Frameworks/CFNetwork.framework/Versions/A/CFNetwork
0x00007ff80f0f7000 	/usr/lib/libarchive.2.dylib
0x00007ff80d88a000 	/System/Library/PrivateFrameworks/AppleSystemInfo.framework/Versions/A/AppleSystemInfo
0x00007ff80e5f1000 	/usr/lib/libbsm.0.dylib
0x00007ff80826f000 	/usr/lib/libnetwork.dylib
0x00007ff80ef4f000 	/usr/lib/system/libkxld.dylib
0x00007ff80e224000 	/System/Library/PrivateFrameworks/IOMobileFramebuffer.framework/Versions/A/IOMobileFramebuffer
0x00007ffb1c97e000 	/usr/lib/libCoreEntitlements.dylib
0x00007ff80ec63000 	/System/Library/PrivateFrameworks/AppleFSCompression.framework/Versions/A/AppleFSCompression
0x00007ff80e5d9000 	/usr/lib/libcoretls.dylib
0x00007ff80f722000 	/usr/lib/libcoretls_cfhelpers.dylib
0x00007ff80f239000 	/usr/lib/libpam.2.dylib
0x00007ff80a5c2000 	/usr/lib/libsqlite3.dylib
0x00007ff80f791000 	/usr/lib/libxar.1.dylib
0x00007ff80ec73000 	/usr/lib/libbz2.1.0.dylib
0x00007ff80efbb000 	/usr/lib/libpcap.A.dylib
0x00007ff80a99b000 	/usr/lib/libdns_services.dylib
0x00007ff80f209000 	/usr/lib/libapple_nghttp2.dylib
0x00007ff80eff5000 	/usr/lib/libiconv.2.dylib
0x00007ff80ef48000 	/usr/lib/libcharset.1.dylib
0x00007ff80b8fa000 	/System/Library/Frameworks/CoreServices.framework/Versions/A/Frameworks/FSEvents.framework/Versions/A/FSEvents
0x00007ff806800000 	/System/Library/Frameworks/CoreServices.framework/Versions/A/Frameworks/CarbonCore.framework/Versions/A/CarbonCore
0x00007ff80abe4000 	/System/Library/Frameworks/CoreServices.framework/Versions/A/Frameworks/Metadata.framework/Versions/A/Metadata
0x00007ff80ec86000 	/System/Library/Frameworks/CoreServices.framework/Versions/A/Frameworks/OSServices.framework/Versions/A/OSServices
0x00007ff80f17e000 	/System/Library/Frameworks/CoreServices.framework/Versions/A/Frameworks/SearchKit.framework/Versions/A/SearchKit
0x00007ff80a92d000 	/System/Library/Frameworks/CoreServices.framework/Versions/A/Frameworks/AE.framework/Versions/A/AE
0x00007ff804704000 	/System/Library/Frameworks/CoreServices.framework/Versions/A/Frameworks/LaunchServices.framework/Versions/A/LaunchServices
0x00007ff80f6b9000 	/System/Library/Frameworks/CoreServices.framework/Versions/A/Frameworks/DictionaryServices.framework/Versions/A/DictionaryServices
0x00007ff80b907000 	/System/Library/Frameworks/CoreServices.framework/Versions/A/Frameworks/SharedFileList.framework/Versions/A/SharedFileList
0x00007ff80e5cd000 	/usr/lib/libCheckFix.dylib
0x00007ff80916c000 	/System/Library/PrivateFrameworks/TCC.framework/Versions/A/TCC
0x00007ff80d890000 	/System/Library/PrivateFrameworks/CoreNLP.framework/Versions/A/CoreNLP
0x00007ff80ab94000 	/System/Library/PrivateFrameworks/MetadataUtilities.framework/Versions/A/MetadataUtilities
0x00007ff804e40000 	/usr/lib/libmecabra.dylib
0x00007ff80e601000 	/usr/lib/libmecab.dylib
0x00007ff804e0b000 	/usr/lib/libCRFSuite.dylib
0x00007ff80e65b000 	/usr/lib/libgermantok.dylib
0x00007ff80f1e4000 	/usr/lib/libThaiTokenizer.dylib
0x00007ff80ac87000 	/System/Library/Frameworks/Accelerate.framework/Versions/A/Frameworks/vImage.framework/Versions/A/vImage
0x00007ff815327000 	/System/Library/Frameworks/Accelerate.framework/Versions/A/Frameworks/vecLib.framework/Versions/A/vecLib
0x00007ff80f7d2000 	/System/Library/Frameworks/Accelerate.framework/Versions/A/Frameworks/vecLib.framework/Versions/A/libvMisc.dylib
0x00007ff80e04f000 	/System/Library/Frameworks/Accelerate.framework/Versions/A/Frameworks/vecLib.framework/Versions/A/libvDSP.dylib
0x00007ff804a7f000 	/System/Library/Frameworks/Accelerate.framework/Versions/A/Frameworks/vecLib.framework/Versions/A/libBLAS.dylib
0x00007ff80f31b000 	/System/Library/Frameworks/Accelerate.framework/Versions/A/Frameworks/vecLib.framework/Versions/A/libLAPACK.dylib
0x00007ff80e65e000 	/System/Library/Frameworks/Accelerate.framework/Versions/A/Frameworks/vecLib.framework/Versions/A/libLinearAlgebra.dylib
0x00007ff80f221000 	/System/Library/Frameworks/Accelerate.framework/Versions/A/Frameworks/vecLib.framework/Versions/A/libSparseBLAS.dylib
0x00007ff80f315000 	/System/Library/Frameworks/Accelerate.framework/Versions/A/Frameworks/vecLib.framework/Versions/A/libQuadrature.dylib
0x00007ff80d97b000 	/System/Library/Frameworks/Accelerate.framework/Versions/A/Frameworks/vecLib.framework/Versions/A/libBNNS.dylib
0x00007ff804d19000 	/System/Library/Frameworks/Accelerate.framework/Versions/A/Frameworks/vecLib.framework/Versions/A/libSparse.dylib
0x00007ff80d974000 	/System/Library/PrivateFrameworks/LinguisticData.framework/Versions/A/LinguisticData
0x00007ff804ccf000 	/System/Library/PrivateFrameworks/Lexicon.framework/Versions/A/Lexicon
0x00007ff80f7cb000 	/usr/lib/libChineseTokenizer.dylib
0x00007ff80543a000 	/System/Library/PrivateFrameworks/LanguageModeling.framework/Versions/A/LanguageModeling
0x00007ff80f1e6000 	/System/Library/PrivateFrameworks/AppleSauce.framework/Versions/A/AppleSauce
0x00007ff80e212000 	/System/Library/PrivateFrameworks/CoreEmoji.framework/Versions/A/CoreEmoji
0x00007ff80f0e6000 	/usr/lib/libcmph.dylib
0x00007ff80b8de000 	/System/Library/Frameworks/OpenDirectory.framework/Versions/A/Frameworks/CFOpenDirectory.framework/Versions/A/CFOpenDirectory
0x00007ff80b8d2000 	/System/Library/Frameworks/OpenDirectory.framework/Versions/A/OpenDirectory
0x00007ff80f724000 	/System/Library/PrivateFrameworks/APFS.framework/Versions/A/APFS
0x00007ff80e528000 	/System/Library/Frameworks/SecurityFoundation.framework/Versions/A/SecurityFoundation
0x00007ff80f79f000 	/usr/lib/libutil.dylib
0x00007ff806b2a000 	/System/Library/PrivateFrameworks/CoreServicesStore.framework/Versions/A/CoreServicesStore
0x00007ff80f7a3000 	/usr/lib/libxslt.1.dylib
0x00007ff80e5b5000 	/System/Library/PrivateFrameworks/BackgroundTaskManagement.framework/Versions/A/BackgroundTaskManagement
0x00007ff810c11000 	/System/Library/Frameworks/ImageIO.framework/Versions/A/Resources/libRadiance.dylib
0x00007ff810c1a000 	/System/Library/Frameworks/ImageIO.framework/Versions/A/Resources/libJPEG.dylib
0x00007ff810b69000 	/System/Library/Frameworks/ImageIO.framework/Versions/A/Resources/libPng.dylib
0x00007ff810b8a000 	/System/Library/Frameworks/ImageIO.framework/Versions/A/Resources/libTIFF.dylib
0x00007ff810c7a000 	/System/Library/Frameworks/ImageIO.framework/Versions/A/Resources/libGIF.dylib
0x00007ff8104a4000 	/System/Library/Frameworks/ImageIO.framework/Versions/A/Resources/libJP2.dylib
0x00007ff80fbe1000 	/usr/lib/libexpat.1.dylib
0x00007ff810459000 	/System/Library/PrivateFrameworks/AppleJPEG.framework/Versions/A/AppleJPEG
0x00007ff80cdc4000 	/System/Library/PrivateFrameworks/FontServices.framework/libFontParser.dylib
0x00007ff80a8d7000 	/System/Library/PrivateFrameworks/RunningBoardServices.framework/Versions/A/RunningBoardServices
0x00007ff81b5e2000 	/System/Library/PrivateFrameworks/IOSurfaceAccelerator.framework/Versions/A/IOSurfaceAccelerator
0x00007ff810586000 	/System/Library/PrivateFrameworks/WatchdogClient.framework/Versions/A/WatchdogClient
0x00007ff805528000 	/System/Library/Frameworks/CoreDisplay.framework/Versions/A/CoreDisplay
0x00007ff80ccc2000 	/System/Library/Frameworks/CoreMedia.framework/Versions/A/CoreMedia
0x00007ff80cb56000 	/System/Library/PrivateFrameworks/IOAccelerator.framework/Versions/A/IOAccelerator
0x00007ff80ba5b000 	/System/Library/Frameworks/CoreVideo.framework/Versions/A/CoreVideo
0x00007ff80f237000 	/System/Library/Frameworks/MetalPerformanceShaders.framework/Versions/A/MetalPerformanceShaders
0x00007ff8105c3000 	/System/Library/Frameworks/VideoToolbox.framework/Versions/A/VideoToolbox
0x00007ff80a821000 	/System/Library/PrivateFrameworks/BaseBoard.framework/Versions/A/BaseBoard
0x00007ff80a5a8000 	/System/Library/PrivateFrameworks/ProtocolBuffer.framework/Versions/A/ProtocolBuffer
0x00007ff810c0a000 	/System/Library/PrivateFrameworks/GPUWrangler.framework/Versions/A/GPUWrangler
0x00007ff810bee000 	/System/Library/PrivateFrameworks/IOPresentment.framework/Versions/A/IOPresentment
0x00007ff810c14000 	/System/Library/PrivateFrameworks/DSExternalDisplay.framework/Versions/A/DSExternalDisplay
0x00007ffa1cf9a000 	/System/Library/Frameworks/OpenGL.framework/Versions/A/Libraries/libCoreFSCache.dylib
0x00007ffb0a071000 	/System/Library/PrivateFrameworks/GPUCompiler.framework/Versions/31001/Libraries/libGPUCompilerUtils.dylib
0x00007ff810c7f000 	/System/Library/PrivateFrameworks/CMCaptureCore.framework/Versions/A/CMCaptureCore
0x00007ff810189000 	/System/Library/PrivateFrameworks/AppServerSupport.framework/Versions/A/AppServerSupport
0x00007ff81244d000 	/System/Library/PrivateFrameworks/perfdata.framework/Versions/A/perfdata
0x00007ff805654000 	/System/Library/PrivateFrameworks/AudioToolboxCore.framework/Versions/A/AudioToolboxCore
0x00007ff80cca0000 	/System/Library/PrivateFrameworks/caulk.framework/Versions/A/caulk
0x00007ff811d5f000 	/usr/lib/libAudioStatistics.dylib
0x00007ff909a56000 	/System/Library/PrivateFrameworks/SystemPolicy.framework/Versions/A/SystemPolicy
0x00007ff811fba000 	/usr/lib/libSMC.dylib
0x00007ff81aeda000 	/System/Library/Frameworks/CoreMIDI.framework/Versions/A/CoreMIDI
0x00007ff810b38000 	/usr/lib/libAudioToolboxUtility.dylib
0x00007ff905c7e000 	/System/Library/PrivateFrameworks/OSAServicesClient.framework/Versions/A/OSAServicesClient
0x00007ff81245a000 	/usr/lib/libperfcheck.dylib
0x00007ff90a503000 	/usr/lib/libmis.dylib
0x00007ffa1cff5000 	/System/Library/Frameworks/OpenGL.framework/Versions/A/Libraries/libGLU.dylib
0x00007ffa1cfb9000 	/System/Library/Frameworks/OpenGL.framework/Versions/A/Libraries/libGFXShared.dylib
0x00007ffa1d1c2000 	/System/Library/Frameworks/OpenGL.framework/Versions/A/Libraries/libGL.dylib
0x00007ffa1cfc2000 	/System/Library/Frameworks/OpenGL.framework/Versions/A/Libraries/libGLImage.dylib
0x00007ffa1cfb6000 	/System/Library/Frameworks/OpenGL.framework/Versions/A/Libraries/libCVMSPluginSupport.dylib
0x00007ffa1cfa1000 	/System/Library/Frameworks/OpenGL.framework/Versions/A/Libraries/libCoreVMClient.dylib
0x00007ff80d80c000 	/System/Library/Frameworks/MetalPerformanceShaders.framework/Versions/A/Frameworks/MPSCore.framework/Versions/A/MPSCore
0x00007ff80ebce000 	/System/Library/Frameworks/MetalPerformanceShaders.framework/Versions/A/Frameworks/MPSImage.framework/Versions/A/MPSImage
0x00007ff80e674000 	/System/Library/Frameworks/MetalPerformanceShaders.framework/Versions/A/Frameworks/MPSNeuralNetwork.framework/Versions/A/MPSNeuralNetwork
0x00007ff80eae8000 	/System/Library/Frameworks/MetalPerformanceShaders.framework/Versions/A/Frameworks/MPSMatrix.framework/Versions/A/MPSMatrix
0x00007ff80e8a3000 	/System/Library/Frameworks/MetalPerformanceShaders.framework/Versions/A/Frameworks/MPSRayIntersector.framework/Versions/A/MPSRayIntersector
0x00007ff80eb20000 	/System/Library/Frameworks/MetalPerformanceShaders.framework/Versions/A/Frameworks/MPSNDArray.framework/Versions/A/MPSNDArray
0x00007ffa22a7a000 	/System/Library/Frameworks/MetalPerformanceShaders.framework/Versions/A/Frameworks/MPSFunctions.framework/Versions/A/MPSFunctions
0x00007ff80495b000 	/System/Library/PrivateFrameworks/MetalTools.framework/Versions/A/MetalTools
0x00007ff80d888000 	/System/Library/PrivateFrameworks/AggregateDictionary.framework/Versions/A/AggregateDictionary
0x00007ff80f9c3000 	/usr/lib/libIOReport.dylib
0x00007ffa1e5d1000 	/System/Library/Frameworks/OpenCL.framework/Versions/A/OpenCL
0x00007ff80fd27000 	/System/Library/PrivateFrameworks/FaceCore.framework/Versions/A/FaceCore
0x00007ff80fd18000 	/System/Library/PrivateFrameworks/GraphVisualizer.framework/Versions/A/GraphVisualizer
0x00007ffb09f7c000 	/System/Library/PrivateFrameworks/FontServices.framework/Versions/A/FontServices
0x00007ff810141000 	/System/Library/PrivateFrameworks/OTSVG.framework/Versions/A/OTSVG
0x00007ff80b641000 	/System/Library/Frameworks/ApplicationServices.framework/Versions/A/Frameworks/ATS.framework/Versions/A/Resources/libFontRegistry.dylib
0x00007ff810191000 	/System/Library/PrivateFrameworks/FontServices.framework/libhvf.dylib
0x00007ffb09f7d000 	/System/Library/PrivateFrameworks/FontServices.framework/libXTFontStaticRegistryData.dylib
0x00007ff80fb91000 	/System/Library/PrivateFrameworks/AppleVA.framework/Versions/A/AppleVA
0x00007ff811d7f000 	/System/Library/Frameworks/ApplicationServices.framework/Versions/A/Frameworks/ATS.framework/Versions/A/ATS
0x00007ff809cee000 	/System/Library/Frameworks/ApplicationServices.framework/Versions/A/Frameworks/HIServices.framework/Versions/A/HIServices
0x00007ff810c89000 	/System/Library/Frameworks/ApplicationServices.framework/Versions/A/Frameworks/PrintCore.framework/Versions/A/PrintCore
0x00007ff81210d000 	/System/Library/Frameworks/ApplicationServices.framework/Versions/A/Frameworks/QD.framework/Versions/A/QD
0x00007ff812105000 	/System/Library/Frameworks/ApplicationServices.framework/Versions/A/Frameworks/ColorSyncLegacy.framework/Versions/A/ColorSyncLegacy
0x00007ff811d6f000 	/System/Library/Frameworks/ApplicationServices.framework/Versions/A/Frameworks/SpeechSynthesis.framework/Versions/A/SpeechSynthesis
0x00007ff810c4a000 	/System/Library/Frameworks/ApplicationServices.framework/Versions/A/Frameworks/ATSUI.framework/Versions/A/ATSUI
0x00007ff81209a000 	/usr/lib/libcups.2.dylib
0x00007ff812469000 	/System/Library/Frameworks/Kerberos.framework/Versions/A/Kerberos
0x00007ff812478000 	/System/Library/Frameworks/GSS.framework/Versions/A/GSS
0x00007ff811deb000 	/usr/lib/libresolv.9.dylib
0x00007ff8101a0000 	/System/Library/PrivateFrameworks/Heimdal.framework/Versions/A/Heimdal
0x00007ff81905d000 	/System/Library/Frameworks/Kerberos.framework/Versions/A/Libraries/libHeimdalProxy.dylib
0x00007ff80a9ab000 	/System/Library/Frameworks/Network.framework/Versions/A/Network
0x00007ff80fbfb000 	/usr/lib/libheimdal-asn1.dylib
0x00007ff8124c3000 	/System/Library/PrivateFrameworks/CommonAuth.framework/Versions/A/CommonAuth
0x00007ff811cf1000 	/System/Library/PrivateFrameworks/AudioSession.framework/Versions/A/AudioSession
0x00007ff80fc8b000 	/System/Library/PrivateFrameworks/MediaExperience.framework/Versions/A/MediaExperience
0x00007ff811b83000 	/System/Library/PrivateFrameworks/AudioSession.framework/libSessionUtility.dylib
0x00007ff812119000 	/System/Library/PrivateFrameworks/AudioResourceArbitration.framework/Versions/A/AudioResourceArbitration
0x00007ff81619a000 	/System/Library/PrivateFrameworks/PowerLog.framework/Versions/A/PowerLog
0x00007ff80fc04000 	/System/Library/PrivateFrameworks/IconFoundation.framework/Versions/A/IconFoundation
0x00007ff814f50000 	/System/Library/PrivateFrameworks/SpeechRecognitionCore.framework/Versions/A/SpeechRecognitionCore
0x000000011013b000 	/Users/ibrahimaniang/.vscode/extensions/redhat.java-1.21.0-darwin-x64/jre/17.0.7-macosx-x86_64/lib/server/libjvm.dylib
0x000000010c812000 	/Users/ibrahimaniang/.vscode/extensions/redhat.java-1.21.0-darwin-x64/jre/17.0.7-macosx-x86_64/lib/libjimage.dylib
0x000000010c82e000 	/Users/ibrahimaniang/.vscode/extensions/redhat.java-1.21.0-darwin-x64/jre/17.0.7-macosx-x86_64/lib/libinstrument.dylib
0x000000010c869000 	/Users/ibrahimaniang/.vscode/extensions/redhat.java-1.21.0-darwin-x64/jre/17.0.7-macosx-x86_64/lib/libjava.dylib
0x000000010ce01000 	/Users/ibrahimaniang/.vscode/extensions/redhat.java-1.21.0-darwin-x64/jre/17.0.7-macosx-x86_64/lib/libzip.dylib
0x000000010ce24000 	/Users/ibrahimaniang/.vscode/extensions/redhat.java-1.21.0-darwin-x64/jre/17.0.7-macosx-x86_64/lib/libnio.dylib
0x000000010ce53000 	/Users/ibrahimaniang/.vscode/extensions/redhat.java-1.21.0-darwin-x64/jre/17.0.7-macosx-x86_64/lib/libnet.dylib
0x000000010ce39000 	/Users/ibrahimaniang/.vscode/extensions/redhat.java-1.21.0-darwin-x64/jre/17.0.7-macosx-x86_64/lib/libverify.dylib
0x000000010ce86000 	/Users/ibrahimaniang/Library/Application Support/Code/User/globalStorage/redhat.java/1.21.0/config_mac/org.eclipse.equinox.launcher/org.eclipse.equinox.launcher.cocoa.macosx.x86_64_1.2.700.v20221108-1024/eclipse_11801.so
0x00007ff806aec000 	/System/Library/PrivateFrameworks/CoreServicesInternal.framework/Versions/A/CoreServicesInternal
0x00007ff81678b000 	/System/Library/Frameworks/FileProvider.framework/Versions/A/FileProvider
0x00007ff80a78e000 	/System/Library/Frameworks/Accounts.framework/Versions/A/Accounts
0x00007ff816904000 	/System/Library/PrivateFrameworks/GenerationalStorage.framework/Versions/A/GenerationalStorage
0x00007ff817414000 	/System/Library/PrivateFrameworks/CoreSymbolication.framework/Versions/A/CoreSymbolication
0x00007ff81618f000 	/System/Library/PrivateFrameworks/SymptomDiagnosticReporter.framework/Versions/A/SymptomDiagnosticReporter
0x00007ff807dad000 	/System/Library/PrivateFrameworks/DesktopServicesPriv.framework/Versions/A/DesktopServicesPriv
0x00007ff806c2b000 	/usr/lib/libsandbox.1.dylib
0x00007ff80bada000 	/System/Library/PrivateFrameworks/UserManagement.framework/Versions/A/UserManagement
0x00007ff8173d9000 	/System/Library/PrivateFrameworks/DebugSymbols.framework/Versions/A/DebugSymbols
0x00007ff8120fa000 	/System/Library/PrivateFrameworks/NetAuth.framework/Versions/A/NetAuth
0x00007ff813009000 	/System/Library/PrivateFrameworks/Sharing.framework/Versions/A/Sharing
0x00007ff80baad000 	/System/Library/PrivateFrameworks/login.framework/Versions/A/Frameworks/loginsupport.framework/Versions/A/loginsupport
0x00007ff818577000 	/System/Library/PrivateFrameworks/Apple80211.framework/Versions/A/Apple80211
0x00007ff80ecb3000 	/System/Library/PrivateFrameworks/AuthKit.framework/Versions/A/AuthKit
0x00007ff80e308000 	/System/Library/PrivateFrameworks/CoreUtils.framework/Versions/A/CoreUtils
0x00007ff80e22f000 	/System/Library/Frameworks/CoreWLAN.framework/Versions/A/CoreWLAN
0x00007ff813168000 	/System/Library/Frameworks/IOBluetooth.framework/Versions/A/IOBluetooth
0x00007ff8185df000 	/System/Library/PrivateFrameworks/CoreWiFi.framework/Versions/A/CoreWiFi
0x00007ff816fae000 	/System/Library/PrivateFrameworks/FrontBoardServices.framework/Versions/A/FrontBoardServices
0x00007ff81703f000 	/System/Library/PrivateFrameworks/BoardServices.framework/Versions/A/BoardServices
0x00007ff80e517000 	/System/Library/PrivateFrameworks/AssertionServices.framework/Versions/A/AssertionServices
0x00007ff818762000 	/System/Library/PrivateFrameworks/BackBoardServices.framework/Versions/A/BackBoardServices
0x00007ff812554000 	/System/Library/PrivateFrameworks/CorePhoneNumbers.framework/Versions/A/CorePhoneNumbers
0x00007ff811e18000 	/System/Library/PrivateFrameworks/MultiverseSupport.framework/Versions/A/MultiverseSupport
0x00007ff8189d6000 	/System/Library/PrivateFrameworks/RemoteServiceDiscovery.framework/Versions/A/RemoteServiceDiscovery
0x00007ff8162ac000 	/System/Library/PrivateFrameworks/DiskManagement.framework/Versions/A/DiskManagement
0x00007ff8161c0000 	/System/Library/PrivateFrameworks/AppleIDAuthSupport.framework/Versions/A/AppleIDAuthSupport
0x00007ffb048f7000 	/System/Library/PrivateFrameworks/AAAFoundation.framework/Versions/A/AAAFoundation
0x00007ff812535000 	/System/Library/PrivateFrameworks/KeychainCircle.framework/Versions/A/KeychainCircle
0x00007ff8189e6000 	/System/Library/PrivateFrameworks/RemoteXPC.framework/Versions/A/RemoteXPC
0x00007ff816278000 	/System/Library/PrivateFrameworks/MediaKit.framework/Versions/A/MediaKit
0x00007ff8161cc000 	/System/Library/Frameworks/DiscRecording.framework/Versions/A/DiscRecording
0x00007ff80fb09000 	/usr/lib/libCoreStorage.dylib
0x00007ff818a51000 	/usr/lib/libcsfde.dylib
0x00007ff813235000 	/System/Library/PrivateFrameworks/ProtectedCloudStorage.framework/Versions/A/ProtectedCloudStorage
0x00007ff818a4d000 	/System/Library/PrivateFrameworks/EFILogin.framework/Versions/A/EFILogin
0x00007ff81692a000 	/System/Library/PrivateFrameworks/OctagonTrust.framework/Versions/A/OctagonTrust
0x00007ffb091df000 	/System/Library/PrivateFrameworks/CoreUtilsExtras.framework/Versions/A/CoreUtilsExtras
0x00007ff8160f3000 	/System/Library/Frameworks/CoreBluetooth.framework/Versions/A/CoreBluetooth
0x00007ff8190e2000 	/System/Library/Frameworks/AudioUnit.framework/Versions/A/AudioUnit
0x00007ff80fb01000 	/usr/lib/libMatch.1.dylib
0x00007ff80b7d2000 	/System/Library/PrivateFrameworks/ViewBridge.framework/Versions/A/ViewBridge
0x000000010cfd1000 	/Users/ibrahimaniang/.vscode/extensions/redhat.java-1.21.0-darwin-x64/jre/17.0.7-macosx-x86_64/lib/libextnet.dylib


VM Arguments:
jvm_args: --add-modules=ALL-SYSTEM --add-opens=java.base/java.util=ALL-UNNAMED --add-opens=java.base/java.lang=ALL-UNNAMED --add-opens=java.base/sun.nio.fs=ALL-UNNAMED -Declipse.application=org.eclipse.jdt.ls.core.id1 -Dosgi.bundles.defaultStartLevel=4 -Declipse.product=org.eclipse.jdt.ls.core.product -Djava.import.generatesMetadataFilesAtProjectRoot=false -Dfile.encoding=utf8 -XX:+UseParallelGC -XX:GCTimeRatio=4 -XX:AdaptiveSizePolicyWeight=90 -Dsun.zip.disableMemoryMapping=true -Xmx1G -Xms100m -Xlog:disable -javaagent:/Users/ibrahimaniang/.vscode/extensions/redhat.java-1.21.0-darwin-x64/lombok/lombok-1.18.28.jar -XX:+HeapDumpOnOutOfMemoryError -XX:HeapDumpPath=/Users/ibrahimaniang/Library/Application Support/Code/User/workspaceStorage/4e1a697516252b539879ce5d9948fa73/redhat.java -Daether.dependencyCollector.impl=bf 
java_command: /Users/ibrahimaniang/.vscode/extensions/redhat.java-1.21.0-darwin-x64/server/plugins/org.eclipse.equinox.launcher_1.6.500.v20230717-2134.jar -configuration /Users/ibrahimaniang/Library/Application Support/Code/User/globalStorage/redhat.java/1.21.0/config_mac -data /Users/ibrahimaniang/Library/Application Support/Code/User/workspaceStorage/4e1a697516252b539879ce5d9948fa73/redhat.java/jdt_ws
java_class_path (initial): /Users/ibrahimaniang/.vscode/extensions/redhat.java-1.21.0-darwin-x64/server/plugins/org.eclipse.equinox.launcher_1.6.500.v20230717-2134.jar
Launcher Type: SUN_STANDARD

[Global flags]
    uintx AdaptiveSizePolicyWeight                 = 90                                        {product} {command line}
     intx CICompilerCount                          = 3                                         {product} {ergonomic}
    uintx GCTimeRatio                              = 4                                         {product} {command line}
     bool HeapDumpOnOutOfMemoryError               = true                                   {manageable} {command line}
    ccstr HeapDumpPath                             = /Users/ibrahimaniang/Library/Application Support/Code/User/workspaceStorage/4e1a697516252b539879ce5d9948fa73/redhat.java         {manageable} {command line}
   size_t InitialHeapSize                          = 104857600                                 {product} {command line}
   size_t MaxHeapSize                              = 1073741824                                {product} {command line}
   size_t MaxNewSize                               = 357564416                                 {product} {ergonomic}
   size_t MinHeapDeltaBytes                        = 524288                                    {product} {ergonomic}
   size_t MinHeapSize                              = 104857600                                 {product} {command line}
   size_t NewSize                                  = 34603008                                  {product} {ergonomic}
    uintx NonNMethodCodeHeapSize                   = 5832780                                {pd product} {ergonomic}
    uintx NonProfiledCodeHeapSize                  = 122912730                              {pd product} {ergonomic}
   size_t OldSize                                  = 70254592                                  {product} {ergonomic}
    uintx ProfiledCodeHeapSize                     = 122912730                              {pd product} {ergonomic}
    uintx ReservedCodeCacheSize                    = 251658240                              {pd product} {ergonomic}
     bool SegmentedCodeCache                       = true                                      {product} {ergonomic}
   size_t SoftMaxHeapSize                          = 1073741824                             {manageable} {ergonomic}
     bool UseCompressedClassPointers               = true                           {product lp64_product} {ergonomic}
     bool UseCompressedOops                        = true                           {product lp64_product} {ergonomic}
     bool UseNUMA                                  = false                                     {product} {ergonomic}
     bool UseNUMAInterleaving                      = false                                     {product} {ergonomic}
     bool UseParallelGC                            = true                                      {product} {command line}

Logging:
Log output configuration:
 #0: stdout all=off uptime,level,tags
 #1: stderr all=off uptime,level,tags

Environment Variables:
PATH=/usr/local/bin:/usr/bin:/bin:/usr/sbin:/sbin:/Library/Apple/usr/bin:/usr/local/bin
SHELL=/bin/zsh
TMPDIR=/var/folders/5p/rycb09yx0wddw1tq1v8_dlth0000gn/T/

Active Locale:
LC_ALL=C
LC_COLLATE=C
LC_CTYPE=C
LC_MESSAGES=C
LC_MONETARY=C
LC_NUMERIC=C
LC_TIME=C

Signal Handlers:
   SIGSEGV: _ZL13crash_handleriP9__siginfoPv in libjvm.dylib, mask=11100110000111110111111111111111, flags=SA_RESTART|SA_SIGINFO, unblocked
    SIGBUS: _ZL13crash_handleriP9__siginfoPv in libjvm.dylib, mask=11100110000111110111111111111111, flags=SA_RESTART|SA_SIGINFO, unblocked
    SIGFPE: _ZL13crash_handleriP9__siginfoPv in libjvm.dylib, mask=11100110000111110111111111111111, flags=SA_RESTART|SA_SIGINFO, unblocked
   SIGPIPE: _ZL17javaSignalHandleriP9__siginfoPv in libjvm.dylib, mask=11100110000111110111111111111111, flags=SA_RESTART|SA_SIGINFO, blocked
   SIGXFSZ: _ZL17javaSignalHandleriP9__siginfoPv in libjvm.dylib, mask=11100110000111110111111111111111, flags=SA_RESTART|SA_SIGINFO, blocked
    SIGILL: _ZL13crash_handleriP9__siginfoPv in libjvm.dylib, mask=11100110000111110111111111111111, flags=SA_RESTART|SA_SIGINFO, unblocked
   SIGUSR2: _ZL10SR_handleriP9__siginfoP17__darwin_ucontext in libjvm.dylib, mask=00000000000000000000000000000000, flags=SA_RESTART|SA_SIGINFO, blocked
    SIGHUP: _ZL11UserHandleriPvS_ in libjvm.dylib, mask=11100110000111110111111111111111, flags=SA_RESTART|SA_SIGINFO, blocked
    SIGINT: _ZL11UserHandleriPvS_ in libjvm.dylib, mask=11100110000111110111111111111111, flags=SA_RESTART|SA_SIGINFO, blocked
   SIGTERM: _ZL11UserHandleriPvS_ in libjvm.dylib, mask=11100110000111110111111111111111, flags=SA_RESTART|SA_SIGINFO, blocked
   SIGQUIT: _ZL11UserHandleriPvS_ in libjvm.dylib, mask=11100110000111110111111111111111, flags=SA_RESTART|SA_SIGINFO, blocked
   SIGTRAP: _ZL13crash_handleriP9__siginfoPv in libjvm.dylib, mask=11100110000111110111111111111111, flags=SA_RESTART|SA_SIGINFO, unblocked


---------------  S Y S T E M  ---------------

OS:
uname: Darwin 21.6.0 Darwin Kernel Version 21.6.0: Sun Nov  6 23:31:16 PST 2022; root:xnu-8020.240.14~1/RELEASE_X86_64 x86_64
OS uptime: 0 days 10:49 hours
rlimit (soft/hard): STACK 8192k/65532k , CORE 0k/infinity , NPROC 1392/2088 , NOFILE 10240/infinity , AS infinity/infinity , CPU infinity/infinity , DATA infinity/infinity , FSIZE infinity/infinity , MEMLOCK infinity/infinity , RSS infinity/infinity
load average: 2.81 3.88 4.53

CPU: total 4 (initial active 4) (2 cores per cpu, 2 threads per core) family 6 model 61 stepping 4 microcode 0x2f, cx8, cmov, fxsr, ht, mmx, 3dnowpref, sse, sse2, sse3, ssse3, sse4.1, sse4.2, popcnt, lzcnt, tsc, tscinvbit, avx, avx2, aes, erms, clmul, bmi1, bmi2, adx, fma, vzeroupper, clflush

Memory: 4k page, physical 8388608k(35912k free), swap 2097152k(1219840k free)

vm_info: OpenJDK 64-Bit Server VM (17.0.7+7) for bsd-amd64 JRE (17.0.7+7), built on Apr 18 2023 21:54:37 by "temurin" with clang 4.2.1 Compatible Apple LLVM 10.0.1 (clang-1001.0.46.4)

END.
